Running MCMC with 4 parallel chains, with 3 thread(s) per chain...

Chain 3 Iteration:    1 / 4000 [  0%]  (Warmup) 
Chain 4 Iteration:    1 / 4000 [  0%]  (Warmup) 
Chain 2 Iteration:    1 / 4000 [  0%]  (Warmup) 
Chain 1 Iteration:    1 / 4000 [  0%]  (Warmup) 
Chain 2 Iteration:  100 / 4000 [  2%]  (Warmup) 
Chain 1 Iteration:  100 / 4000 [  2%]  (Warmup) 
Chain 3 Iteration:  100 / 4000 [  2%]  (Warmup) 
Chain 4 Iteration:  100 / 4000 [  2%]  (Warmup) 
Chain 1 Iteration:  200 / 4000 [  5%]  (Warmup) 
Chain 2 Iteration:  200 / 4000 [  5%]  (Warmup) 
Chain 3 Iteration:  200 / 4000 [  5%]  (Warmup) 
Chain 4 Iteration:  200 / 4000 [  5%]  (Warmup) 
Chain 1 Iteration:  300 / 4000 [  7%]  (Warmup) 
Chain 3 Iteration:  300 / 4000 [  7%]  (Warmup) 
Chain 2 Iteration:  300 / 4000 [  7%]  (Warmup) 
Chain 1 Iteration:  400 / 4000 [ 10%]  (Warmup) 
Chain 4 Iteration:  300 / 4000 [  7%]  (Warmup) 
Chain 3 Iteration:  400 / 4000 [ 10%]  (Warmup) 
Chain 1 Iteration:  500 / 4000 [ 12%]  (Warmup) 
Chain 4 Iteration:  400 / 4000 [ 10%]  (Warmup) 
Chain 3 Iteration:  500 / 4000 [ 12%]  (Warmup) 
Chain 1 Iteration:  600 / 4000 [ 15%]  (Warmup) 
Chain 2 Iteration:  400 / 4000 [ 10%]  (Warmup) 
Chain 3 Iteration:  600 / 4000 [ 15%]  (Warmup) 
Chain 4 Iteration:  500 / 4000 [ 12%]  (Warmup) 
Chain 1 Iteration:  700 / 4000 [ 17%]  (Warmup) 
Chain 3 Iteration:  700 / 4000 [ 17%]  (Warmup) 
Chain 2 Iteration:  500 / 4000 [ 12%]  (Warmup) 
Chain 4 Iteration:  600 / 4000 [ 15%]  (Warmup) 
Chain 1 Iteration:  800 / 4000 [ 20%]  (Warmup) 
Chain 3 Iteration:  800 / 4000 [ 20%]  (Warmup) 
Chain 2 Iteration:  600 / 4000 [ 15%]  (Warmup) 
Chain 4 Iteration:  700 / 4000 [ 17%]  (Warmup) 
Chain 1 Iteration:  900 / 4000 [ 22%]  (Warmup) 
Chain 3 Iteration:  900 / 4000 [ 22%]  (Warmup) 
Chain 2 Iteration:  700 / 4000 [ 17%]  (Warmup) 
Chain 1 Iteration: 1000 / 4000 [ 25%]  (Warmup) 
Chain 4 Iteration:  800 / 4000 [ 20%]  (Warmup) 
Chain 3 Iteration: 1000 / 4000 [ 25%]  (Warmup) 
Chain 1 Iteration: 1100 / 4000 [ 27%]  (Warmup) 
Chain 2 Iteration:  800 / 4000 [ 20%]  (Warmup) 
Chain 4 Iteration:  900 / 4000 [ 22%]  (Warmup) 
Chain 3 Iteration: 1100 / 4000 [ 27%]  (Warmup) 
Chain 1 Iteration: 1200 / 4000 [ 30%]  (Warmup) 
Chain 4 Iteration: 1000 / 4000 [ 25%]  (Warmup) 
Chain 2 Iteration:  900 / 4000 [ 22%]  (Warmup) 
Chain 3 Iteration: 1200 / 4000 [ 30%]  (Warmup) 
Chain 1 Iteration: 1300 / 4000 [ 32%]  (Warmup) 
Chain 4 Iteration: 1100 / 4000 [ 27%]  (Warmup) 
Chain 2 Iteration: 1000 / 4000 [ 25%]  (Warmup) 
Chain 3 Iteration: 1300 / 4000 [ 32%]  (Warmup) 
Chain 1 Iteration: 1400 / 4000 [ 35%]  (Warmup) 
Chain 4 Iteration: 1200 / 4000 [ 30%]  (Warmup) 
Chain 2 Iteration: 1100 / 4000 [ 27%]  (Warmup) 
Chain 3 Iteration: 1400 / 4000 [ 35%]  (Warmup) 
Chain 4 Iteration: 1300 / 4000 [ 32%]  (Warmup) 
Chain 1 Iteration: 1500 / 4000 [ 37%]  (Warmup) 
Chain 2 Iteration: 1200 / 4000 [ 30%]  (Warmup) 
Chain 3 Iteration: 1500 / 4000 [ 37%]  (Warmup) 
Chain 1 Iteration: 1600 / 4000 [ 40%]  (Warmup) 
Chain 4 Iteration: 1400 / 4000 [ 35%]  (Warmup) 
Chain 2 Iteration: 1300 / 4000 [ 32%]  (Warmup) 
Chain 3 Iteration: 1600 / 4000 [ 40%]  (Warmup) 
Chain 4 Iteration: 1500 / 4000 [ 37%]  (Warmup) 
Chain 1 Iteration: 1700 / 4000 [ 42%]  (Warmup) 
Chain 2 Iteration: 1400 / 4000 [ 35%]  (Warmup) 
Chain 3 Iteration: 1700 / 4000 [ 42%]  (Warmup) 
Chain 4 Iteration: 1600 / 4000 [ 40%]  (Warmup) 
Chain 2 Iteration: 1500 / 4000 [ 37%]  (Warmup) 
Chain 1 Iteration: 1800 / 4000 [ 45%]  (Warmup) 
Chain 3 Iteration: 1800 / 4000 [ 45%]  (Warmup) 
Chain 1 Iteration: 1900 / 4000 [ 47%]  (Warmup) 
Chain 2 Iteration: 1600 / 4000 [ 40%]  (Warmup) 
Chain 4 Iteration: 1700 / 4000 [ 42%]  (Warmup) 
Chain 3 Iteration: 1900 / 4000 [ 47%]  (Warmup) 
Chain 2 Iteration: 1700 / 4000 [ 42%]  (Warmup) 
Chain 1 Iteration: 2000 / 4000 [ 50%]  (Warmup) 
Chain 4 Iteration: 1800 / 4000 [ 45%]  (Warmup) 
Chain 3 Iteration: 2000 / 4000 [ 50%]  (Warmup) 
Chain 2 Iteration: 1800 / 4000 [ 45%]  (Warmup) 
Chain 1 Iteration: 2100 / 4000 [ 52%]  (Warmup) 
Chain 4 Iteration: 1900 / 4000 [ 47%]  (Warmup) 
Chain 3 Iteration: 2100 / 4000 [ 52%]  (Warmup) 
Chain 2 Iteration: 1900 / 4000 [ 47%]  (Warmup) 
Chain 1 Iteration: 2200 / 4000 [ 55%]  (Warmup) 
Chain 4 Iteration: 2000 / 4000 [ 50%]  (Warmup) 
Chain 3 Iteration: 2200 / 4000 [ 55%]  (Warmup) 
Chain 2 Iteration: 2000 / 4000 [ 50%]  (Warmup) 
Chain 1 Iteration: 2300 / 4000 [ 57%]  (Warmup) 
Chain 4 Iteration: 2100 / 4000 [ 52%]  (Warmup) 
Chain 3 Iteration: 2300 / 4000 [ 57%]  (Warmup) 
Chain 2 Iteration: 2100 / 4000 [ 52%]  (Warmup) 
Chain 1 Iteration: 2400 / 4000 [ 60%]  (Warmup) 
Chain 4 Iteration: 2200 / 4000 [ 55%]  (Warmup) 
Chain 3 Iteration: 2400 / 4000 [ 60%]  (Warmup) 
Chain 2 Iteration: 2200 / 4000 [ 55%]  (Warmup) 
Chain 1 Iteration: 2500 / 4000 [ 62%]  (Warmup) 
Chain 1 Iteration: 2501 / 4000 [ 62%]  (Sampling) 
Chain 4 Iteration: 2300 / 4000 [ 57%]  (Warmup) 
Chain 3 Iteration: 2500 / 4000 [ 62%]  (Warmup) 
Chain 3 Iteration: 2501 / 4000 [ 62%]  (Sampling) 
Chain 2 Iteration: 2300 / 4000 [ 57%]  (Warmup) 
Chain 1 Iteration: 2600 / 4000 [ 65%]  (Sampling) 
Chain 4 Iteration: 2400 / 4000 [ 60%]  (Warmup) 
Chain 3 Iteration: 2600 / 4000 [ 65%]  (Sampling) 
Chain 2 Iteration: 2400 / 4000 [ 60%]  (Warmup) 
Chain 4 Iteration: 2500 / 4000 [ 62%]  (Warmup) 
Chain 4 Iteration: 2501 / 4000 [ 62%]  (Sampling) 
Chain 1 Iteration: 2700 / 4000 [ 67%]  (Sampling) 
Chain 3 Iteration: 2700 / 4000 [ 67%]  (Sampling) 
Chain 2 Iteration: 2500 / 4000 [ 62%]  (Warmup) 
Chain 2 Iteration: 2501 / 4000 [ 62%]  (Sampling) 
Chain 4 Iteration: 2600 / 4000 [ 65%]  (Sampling) 
Chain 1 Iteration: 2800 / 4000 [ 70%]  (Sampling) 
Chain 3 Iteration: 2800 / 4000 [ 70%]  (Sampling) 
Chain 4 Iteration: 2700 / 4000 [ 67%]  (Sampling) 
Chain 1 Iteration: 2900 / 4000 [ 72%]  (Sampling) 
Chain 2 Iteration: 2600 / 4000 [ 65%]  (Sampling) 
