running
  '/data/tools/r/R-4.2.0/bin/R --no-echo --no-restore --file=04_FinalModel.R'


Attaching package: ‘dplyr’

The following objects are masked from ‘package:stats’:

    filter, lag

The following objects are masked from ‘package:base’:

    intersect, setdiff, setequal, union

Loading required package: Rcpp
Loading 'brms' package (version 2.19.0). Useful instructions
can be found by typing help('brms'). A more detailed introduction
to the package is available through vignette('brms_overview').

Attaching package: ‘brms’

The following object is masked from ‘package:stats’:

    ar

This is cmdstanr version 0.5.3
- CmdStanR documentation and vignettes: mc-stan.org/cmdstanr
- CmdStan path: /home/blum/.cmdstan/cmdstan-2.31.0
- CmdStan version: 2.31.0

A newer version of CmdStan is available. See ?install_cmdstan() to install it.
To disable this check set option or environment variable CMDSTANR_NO_VER_CHECK=TRUE.
Rows: 864150 Columns: 12
── Column specification ────────────────────────────────────────────────────────
Delimiter: "\t"
chr (6): ID, Value, Language, Speaker, voicing, sound_class
dbl (6): Duration, utt_initial, word_initial, z_num_phones, z_speech_rate, z...

ℹ Use `spec()` to retrieve the full column specification for this data.
ℹ Specify the column types or set `show_col_types = FALSE` to quiet this message.
Warning message:
Path not set. Can't find directory:  
CmdStan path set to: /data/tools/stan/cmdstan-2.32.2
Start sampling
Chain 1 Informational Message: The current Metropolis proposal is about to be rejected because of the following issue:
Chain 1 Exception: gamma_lpdf: Shape parameter is 0, but must be positive finite! (in '/tmp/RtmptKTSNf/model-15a7fad60a9.stan', line 130, column 4 to column 49)
Chain 1 If this warning occurs sporadically, such as for highly constrained variable types like covariance matrices, then the sampler is fine,
Chain 1 but if this warning occurs often then your model may be either severely ill-conditioned or misspecified.
Chain 1 
Chain 2 Informational Message: The current Metropolis proposal is about to be rejected because of the following issue:
Chain 2 Exception: gamma_lpdf: Shape parameter is 0, but must be positive finite! (in '/tmp/RtmptKTSNf/model-15a7fad60a9.stan', line 130, column 4 to column 49)
Chain 2 If this warning occurs sporadically, such as for highly constrained variable types like covariance matrices, then the sampler is fine,
Chain 2 but if this warning occurs often then your model may be either severely ill-conditioned or misspecified.
Chain 2 
Chain 3 Informational Message: The current Metropolis proposal is about to be rejected because of the following issue:
Chain 3 Exception: gamma_lpdf: Shape parameter is 0, but must be positive finite! (in '/tmp/RtmptKTSNf/model-15a7fad60a9.stan', line 130, column 4 to column 49)
Chain 3 If this warning occurs sporadically, such as for highly constrained variable types like covariance matrices, then the sampler is fine,
Chain 3 but if this warning occurs often then your model may be either severely ill-conditioned or misspecified.
Chain 3 
Chain 4 Informational Message: The current Metropolis proposal is about to be rejected because of the following issue:
Chain 4 Exception: gamma_lpdf: Shape parameter is 0, but must be positive finite! (in '/tmp/RtmptKTSNf/model-15a7fad60a9.stan', line 130, column 4 to column 49)
Chain 4 If this warning occurs sporadically, such as for highly constrained variable types like covariance matrices, then the sampler is fine,
Chain 4 but if this warning occurs often then your model may be either severely ill-conditioned or misspecified.
Chain 4 
Chain 1 Informational Message: The current Metropolis proposal is about to be rejected because of the following issue:
Chain 1 Exception: gamma_lpdf: Shape parameter is 0, but must be positive finite! (in '/tmp/RtmptKTSNf/model-15a7fad60a9.stan', line 130, column 4 to column 49)
Chain 1 If this warning occurs sporadically, such as for highly constrained variable types like covariance matrices, then the sampler is fine,
Chain 1 but if this warning occurs often then your model may be either severely ill-conditioned or misspecified.
Chain 1 
Chain 2 Informational Message: The current Metropolis proposal is about to be rejected because of the following issue:
Chain 2 Exception: gamma_lpdf: Shape parameter is 0, but must be positive finite! (in '/tmp/RtmptKTSNf/model-15a7fad60a9.stan', line 130, column 4 to column 49)
Chain 2 If this warning occurs sporadically, such as for highly constrained variable types like covariance matrices, then the sampler is fine,
Chain 2 but if this warning occurs often then your model may be either severely ill-conditioned or misspecified.
Chain 2 
Chain 3 Informational Message: The current Metropolis proposal is about to be rejected because of the following issue:
Chain 3 Exception: gamma_lpdf: Shape parameter is 0, but must be positive finite! (in '/tmp/RtmptKTSNf/model-15a7fad60a9.stan', line 130, column 4 to column 49)
Chain 3 If this warning occurs sporadically, such as for highly constrained variable types like covariance matrices, then the sampler is fine,
Chain 3 but if this warning occurs often then your model may be either severely ill-conditioned or misspecified.
Chain 3 
Chain 4 Informational Message: The current Metropolis proposal is about to be rejected because of the following issue:
Chain 4 Exception: gamma_lpdf: Shape parameter is 0, but must be positive finite! (in '/tmp/RtmptKTSNf/model-15a7fad60a9.stan', line 130, column 4 to column 49)
Chain 4 If this warning occurs sporadically, such as for highly constrained variable types like covariance matrices, then the sampler is fine,
Chain 4 but if this warning occurs often then your model may be either severely ill-conditioned or misspecified.
Chain 4 
Chain 1 Informational Message: The current Metropolis proposal is about to be rejected because of the following issue:
Chain 1 Exception: gamma_lpdf: Shape parameter is 0, but must be positive finite! (in '/tmp/RtmptKTSNf/model-15a7fad60a9.stan', line 130, column 4 to column 49)
Chain 1 If this warning occurs sporadically, such as for highly constrained variable types like covariance matrices, then the sampler is fine,
Chain 1 but if this warning occurs often then your model may be either severely ill-conditioned or misspecified.
Chain 1 
Chain 2 Informational Message: The current Metropolis proposal is about to be rejected because of the following issue:
Chain 2 Exception: gamma_lpdf: Shape parameter is 0, but must be positive finite! (in '/tmp/RtmptKTSNf/model-15a7fad60a9.stan', line 130, column 4 to column 49)
Chain 2 If this warning occurs sporadically, such as for highly constrained variable types like covariance matrices, then the sampler is fine,
Chain 2 but if this warning occurs often then your model may be either severely ill-conditioned or misspecified.
Chain 2 
Chain 3 Informational Message: The current Metropolis proposal is about to be rejected because of the following issue:
Chain 3 Exception: gamma_lpdf: Shape parameter is 0, but must be positive finite! (in '/tmp/RtmptKTSNf/model-15a7fad60a9.stan', line 130, column 4 to column 49)
Chain 3 If this warning occurs sporadically, such as for highly constrained variable types like covariance matrices, then the sampler is fine,
Chain 3 but if this warning occurs often then your model may be either severely ill-conditioned or misspecified.
Chain 3 
Chain 4 Informational Message: The current Metropolis proposal is about to be rejected because of the following issue:
Chain 4 Exception: gamma_lpdf: Shape parameter is 0, but must be positive finite! (in '/tmp/RtmptKTSNf/model-15a7fad60a9.stan', line 130, column 4 to column 49)
Chain 4 If this warning occurs sporadically, such as for highly constrained variable types like covariance matrices, then the sampler is fine,
Chain 4 but if this warning occurs often then your model may be either severely ill-conditioned or misspecified.
Chain 4 
Chain 1 Informational Message: The current Metropolis proposal is about to be rejected because of the following issue:
Chain 1 Exception: gamma_lpdf: Shape parameter is 0, but must be positive finite! (in '/tmp/RtmptKTSNf/model-15a7fad60a9.stan', line 130, column 4 to column 49)
Chain 1 If this warning occurs sporadically, such as for highly constrained variable types like covariance matrices, then the sampler is fine,
Chain 1 but if this warning occurs often then your model may be either severely ill-conditioned or misspecified.
Chain 1 
Chain 2 Informational Message: The current Metropolis proposal is about to be rejected because of the following issue:
Chain 2 Exception: gamma_lpdf: Shape parameter is 0, but must be positive finite! (in '/tmp/RtmptKTSNf/model-15a7fad60a9.stan', line 130, column 4 to column 49)
Chain 2 If this warning occurs sporadically, such as for highly constrained variable types like covariance matrices, then the sampler is fine,
Chain 2 but if this warning occurs often then your model may be either severely ill-conditioned or misspecified.
Chain 2 
Chain 3 Informational Message: The current Metropolis proposal is about to be rejected because of the following issue:
Chain 3 Exception: gamma_lpdf: Shape parameter is 0, but must be positive finite! (in '/tmp/RtmptKTSNf/model-15a7fad60a9.stan', line 130, column 4 to column 49)
Chain 3 If this warning occurs sporadically, such as for highly constrained variable types like covariance matrices, then the sampler is fine,
Chain 3 but if this warning occurs often then your model may be either severely ill-conditioned or misspecified.
Chain 3 
Chain 4 Informational Message: The current Metropolis proposal is about to be rejected because of the following issue:
Chain 4 Exception: gamma_lpdf: Shape parameter is 0, but must be positive finite! (in '/tmp/RtmptKTSNf/model-15a7fad60a9.stan', line 130, column 4 to column 49)
Chain 4 If this warning occurs sporadically, such as for highly constrained variable types like covariance matrices, then the sampler is fine,
Chain 4 but if this warning occurs often then your model may be either severely ill-conditioned or misspecified.
Chain 4 
Chain 1 Informational Message: The current Metropolis proposal is about to be rejected because of the following issue:
Chain 1 Exception: gamma_lpdf: Shape parameter is 0, but must be positive finite! (in '/tmp/RtmptKTSNf/model-15a7fad60a9.stan', line 130, column 4 to column 49)
Chain 1 If this warning occurs sporadically, such as for highly constrained variable types like covariance matrices, then the sampler is fine,
Chain 1 but if this warning occurs often then your model may be either severely ill-conditioned or misspecified.
Chain 1 
Chain 2 Informational Message: The current Metropolis proposal is about to be rejected because of the following issue:
Chain 2 Exception: gamma_lpdf: Shape parameter is 0, but must be positive finite! (in '/tmp/RtmptKTSNf/model-15a7fad60a9.stan', line 130, column 4 to column 49)
Chain 2 If this warning occurs sporadically, such as for highly constrained variable types like covariance matrices, then the sampler is fine,
Chain 2 but if this warning occurs often then your model may be either severely ill-conditioned or misspecified.
Chain 2 
Chain 3 Informational Message: The current Metropolis proposal is about to be rejected because of the following issue:
Chain 3 Exception: gamma_lpdf: Shape parameter is 0, but must be positive finite! (in '/tmp/RtmptKTSNf/model-15a7fad60a9.stan', line 130, column 4 to column 49)
Chain 3 If this warning occurs sporadically, such as for highly constrained variable types like covariance matrices, then the sampler is fine,
Chain 3 but if this warning occurs often then your model may be either severely ill-conditioned or misspecified.
Chain 3 
Chain 4 Informational Message: The current Metropolis proposal is about to be rejected because of the following issue:
Chain 4 Exception: gamma_lpdf: Shape parameter is 0, but must be positive finite! (in '/tmp/RtmptKTSNf/model-15a7fad60a9.stan', line 130, column 4 to column 49)
Chain 4 If this warning occurs sporadically, such as for highly constrained variable types like covariance matrices, then the sampler is fine,
Chain 4 but if this warning occurs often then your model may be either severely ill-conditioned or misspecified.
Chain 4 
Chain 1 Informational Message: The current Metropolis proposal is about to be rejected because of the following issue:
Chain 1 Exception: gamma_lpdf: Shape parameter is 0, but must be positive finite! (in '/tmp/RtmptKTSNf/model-15a7fad60a9.stan', line 130, column 4 to column 49)
Chain 1 If this warning occurs sporadically, such as for highly constrained variable types like covariance matrices, then the sampler is fine,
Chain 1 but if this warning occurs often then your model may be either severely ill-conditioned or misspecified.
Chain 1 
Chain 2 Informational Message: The current Metropolis proposal is about to be rejected because of the following issue:
Chain 2 Exception: gamma_lpdf: Shape parameter is 0, but must be positive finite! (in '/tmp/RtmptKTSNf/model-15a7fad60a9.stan', line 130, column 4 to column 49)
Chain 2 If this warning occurs sporadically, such as for highly constrained variable types like covariance matrices, then the sampler is fine,
Chain 2 but if this warning occurs often then your model may be either severely ill-conditioned or misspecified.
Chain 2 
Chain 3 Informational Message: The current Metropolis proposal is about to be rejected because of the following issue:
Chain 3 Exception: gamma_lpdf: Shape parameter is 0, but must be positive finite! (in '/tmp/RtmptKTSNf/model-15a7fad60a9.stan', line 130, column 4 to column 49)
Chain 3 If this warning occurs sporadically, such as for highly constrained variable types like covariance matrices, then the sampler is fine,
Chain 3 but if this warning occurs often then your model may be either severely ill-conditioned or misspecified.
Chain 3 
Chain 4 Informational Message: The current Metropolis proposal is about to be rejected because of the following issue:
Chain 4 Exception: gamma_lpdf: Shape parameter is 0, but must be positive finite! (in '/tmp/RtmptKTSNf/model-15a7fad60a9.stan', line 130, column 4 to column 49)
Chain 4 If this warning occurs sporadically, such as for highly constrained variable types like covariance matrices, then the sampler is fine,
Chain 4 but if this warning occurs often then your model may be either severely ill-conditioned or misspecified.
Chain 4 
Chain 1 Informational Message: The current Metropolis proposal is about to be rejected because of the following issue:
Chain 1 Exception: gamma_lpdf: Shape parameter is 0, but must be positive finite! (in '/tmp/RtmptKTSNf/model-15a7fad60a9.stan', line 130, column 4 to column 49)
Chain 1 If this warning occurs sporadically, such as for highly constrained variable types like covariance matrices, then the sampler is fine,
Chain 1 but if this warning occurs often then your model may be either severely ill-conditioned or misspecified.
Chain 1 
Chain 2 Informational Message: The current Metropolis proposal is about to be rejected because of the following issue:
Chain 2 Exception: gamma_lpdf: Shape parameter is 0, but must be positive finite! (in '/tmp/RtmptKTSNf/model-15a7fad60a9.stan', line 130, column 4 to column 49)
Chain 2 If this warning occurs sporadically, such as for highly constrained variable types like covariance matrices, then the sampler is fine,
Chain 2 but if this warning occurs often then your model may be either severely ill-conditioned or misspecified.
Chain 2 
Chain 3 Informational Message: The current Metropolis proposal is about to be rejected because of the following issue:
Chain 3 Exception: gamma_lpdf: Shape parameter is 0, but must be positive finite! (in '/tmp/RtmptKTSNf/model-15a7fad60a9.stan', line 130, column 4 to column 49)
Chain 3 If this warning occurs sporadically, such as for highly constrained variable types like covariance matrices, then the sampler is fine,
Chain 3 but if this warning occurs often then your model may be either severely ill-conditioned or misspecified.
Chain 3 
Chain 4 Informational Message: The current Metropolis proposal is about to be rejected because of the following issue:
Chain 4 Exception: gamma_lpdf: Shape parameter is 0, but must be positive finite! (in '/tmp/RtmptKTSNf/model-15a7fad60a9.stan', line 130, column 4 to column 49)
Chain 4 If this warning occurs sporadically, such as for highly constrained variable types like covariance matrices, then the sampler is fine,
Chain 4 but if this warning occurs often then your model may be either severely ill-conditioned or misspecified.
Chain 4 
Chain 1 Informational Message: The current Metropolis proposal is about to be rejected because of the following issue:
Chain 1 Exception: gamma_lpdf: Shape parameter is 0, but must be positive finite! (in '/tmp/RtmptKTSNf/model-15a7fad60a9.stan', line 130, column 4 to column 49)
Chain 1 If this warning occurs sporadically, such as for highly constrained variable types like covariance matrices, then the sampler is fine,
Chain 1 but if this warning occurs often then your model may be either severely ill-conditioned or misspecified.
Chain 1 
Chain 2 Informational Message: The current Metropolis proposal is about to be rejected because of the following issue:
Chain 2 Exception: gamma_lpdf: Shape parameter is 0, but must be positive finite! (in '/tmp/RtmptKTSNf/model-15a7fad60a9.stan', line 130, column 4 to column 49)
Chain 2 If this warning occurs sporadically, such as for highly constrained variable types like covariance matrices, then the sampler is fine,
Chain 2 but if this warning occurs often then your model may be either severely ill-conditioned or misspecified.
Chain 2 
Chain 3 Informational Message: The current Metropolis proposal is about to be rejected because of the following issue:
Chain 3 Exception: gamma_lpdf: Shape parameter is 0, but must be positive finite! (in '/tmp/RtmptKTSNf/model-15a7fad60a9.stan', line 130, column 4 to column 49)
Chain 3 If this warning occurs sporadically, such as for highly constrained variable types like covariance matrices, then the sampler is fine,
Chain 3 but if this warning occurs often then your model may be either severely ill-conditioned or misspecified.
Chain 3 
Chain 4 Informational Message: The current Metropolis proposal is about to be rejected because of the following issue:
Chain 4 Exception: gamma_lpdf: Shape parameter is 0, but must be positive finite! (in '/tmp/RtmptKTSNf/model-15a7fad60a9.stan', line 130, column 4 to column 49)
Chain 4 If this warning occurs sporadically, such as for highly constrained variable types like covariance matrices, then the sampler is fine,
Chain 4 but if this warning occurs often then your model may be either severely ill-conditioned or misspecified.
Chain 4 
Chain 1 Informational Message: The current Metropolis proposal is about to be rejected because of the following issue:
Chain 1 Exception: gamma_lpdf: Shape parameter is 0, but must be positive finite! (in '/tmp/RtmptKTSNf/model-15a7fad60a9.stan', line 130, column 4 to column 49)
Chain 1 If this warning occurs sporadically, such as for highly constrained variable types like covariance matrices, then the sampler is fine,
Chain 1 but if this warning occurs often then your model may be either severely ill-conditioned or misspecified.
Chain 1 
Chain 2 Informational Message: The current Metropolis proposal is about to be rejected because of the following issue:
Chain 2 Exception: gamma_lpdf: Shape parameter is 0, but must be positive finite! (in '/tmp/RtmptKTSNf/model-15a7fad60a9.stan', line 130, column 4 to column 49)
Chain 2 If this warning occurs sporadically, such as for highly constrained variable types like covariance matrices, then the sampler is fine,
Chain 2 but if this warning occurs often then your model may be either severely ill-conditioned or misspecified.
Chain 2 
Chain 3 Informational Message: The current Metropolis proposal is about to be rejected because of the following issue:
Chain 3 Exception: gamma_lpdf: Shape parameter is 0, but must be positive finite! (in '/tmp/RtmptKTSNf/model-15a7fad60a9.stan', line 130, column 4 to column 49)
Chain 3 If this warning occurs sporadically, such as for highly constrained variable types like covariance matrices, then the sampler is fine,
Chain 3 but if this warning occurs often then your model may be either severely ill-conditioned or misspecified.
Chain 3 
Chain 4 Informational Message: The current Metropolis proposal is about to be rejected because of the following issue:
Chain 4 Exception: gamma_lpdf: Shape parameter is 0, but must be positive finite! (in '/tmp/RtmptKTSNf/model-15a7fad60a9.stan', line 130, column 4 to column 49)
Chain 4 If this warning occurs sporadically, such as for highly constrained variable types like covariance matrices, then the sampler is fine,
Chain 4 but if this warning occurs often then your model may be either severely ill-conditioned or misspecified.
Chain 4 
Chain 1 Informational Message: The current Metropolis proposal is about to be rejected because of the following issue:
Chain 1 Exception: gamma_lpdf: Shape parameter is 0, but must be positive finite! (in '/tmp/RtmptKTSNf/model-15a7fad60a9.stan', line 130, column 4 to column 49)
Chain 1 If this warning occurs sporadically, such as for highly constrained variable types like covariance matrices, then the sampler is fine,
Chain 1 but if this warning occurs often then your model may be either severely ill-conditioned or misspecified.
Chain 1 
Chain 2 Informational Message: The current Metropolis proposal is about to be rejected because of the following issue:
Chain 2 Exception: gamma_lpdf: Shape parameter is 0, but must be positive finite! (in '/tmp/RtmptKTSNf/model-15a7fad60a9.stan', line 130, column 4 to column 49)
Chain 2 If this warning occurs sporadically, such as for highly constrained variable types like covariance matrices, then the sampler is fine,
Chain 2 but if this warning occurs often then your model may be either severely ill-conditioned or misspecified.
Chain 2 
Chain 3 Informational Message: The current Metropolis proposal is about to be rejected because of the following issue:
Chain 3 Exception: gamma_lpdf: Shape parameter is 0, but must be positive finite! (in '/tmp/RtmptKTSNf/model-15a7fad60a9.stan', line 130, column 4 to column 49)
Chain 3 If this warning occurs sporadically, such as for highly constrained variable types like covariance matrices, then the sampler is fine,
Chain 3 but if this warning occurs often then your model may be either severely ill-conditioned or misspecified.
Chain 3 
Chain 4 Informational Message: The current Metropolis proposal is about to be rejected because of the following issue:
Chain 4 Exception: gamma_lpdf: Shape parameter is 0, but must be positive finite! (in '/tmp/RtmptKTSNf/model-15a7fad60a9.stan', line 130, column 4 to column 49)
Chain 4 If this warning occurs sporadically, such as for highly constrained variable types like covariance matrices, then the sampler is fine,
Chain 4 but if this warning occurs often then your model may be either severely ill-conditioned or misspecified.
Chain 4 
Chain 1 Informational Message: The current Metropolis proposal is about to be rejected because of the following issue:
Chain 1 Exception: gamma_lpdf: Shape parameter is 0, but must be positive finite! (in '/tmp/RtmptKTSNf/model-15a7fad60a9.stan', line 130, column 4 to column 49)
Chain 1 If this warning occurs sporadically, such as for highly constrained variable types like covariance matrices, then the sampler is fine,
Chain 1 but if this warning occurs often then your model may be either severely ill-conditioned or misspecified.
Chain 1 
Chain 2 Informational Message: The current Metropolis proposal is about to be rejected because of the following issue:
Chain 2 Exception: gamma_lpdf: Shape parameter is 0, but must be positive finite! (in '/tmp/RtmptKTSNf/model-15a7fad60a9.stan', line 130, column 4 to column 49)
Chain 2 If this warning occurs sporadically, such as for highly constrained variable types like covariance matrices, then the sampler is fine,
Chain 2 but if this warning occurs often then your model may be either severely ill-conditioned or misspecified.
Chain 2 
Chain 3 Informational Message: The current Metropolis proposal is about to be rejected because of the following issue:
Chain 3 Exception: gamma_lpdf: Shape parameter is 0, but must be positive finite! (in '/tmp/RtmptKTSNf/model-15a7fad60a9.stan', line 130, column 4 to column 49)
Chain 3 If this warning occurs sporadically, such as for highly constrained variable types like covariance matrices, then the sampler is fine,
Chain 3 but if this warning occurs often then your model may be either severely ill-conditioned or misspecified.
Chain 3 
Chain 4 Informational Message: The current Metropolis proposal is about to be rejected because of the following issue:
Chain 4 Exception: gamma_lpdf: Shape parameter is 0, but must be positive finite! (in '/tmp/RtmptKTSNf/model-15a7fad60a9.stan', line 130, column 4 to column 49)
Chain 4 If this warning occurs sporadically, such as for highly constrained variable types like covariance matrices, then the sampler is fine,
Chain 4 but if this warning occurs often then your model may be either severely ill-conditioned or misspecified.
Chain 4 
Chain 1 Informational Message: The current Metropolis proposal is about to be rejected because of the following issue:
Chain 1 Exception: gamma_lpdf: Shape parameter is 0, but must be positive finite! (in '/tmp/RtmptKTSNf/model-15a7fad60a9.stan', line 130, column 4 to column 49)
Chain 1 If this warning occurs sporadically, such as for highly constrained variable types like covariance matrices, then the sampler is fine,
Chain 1 but if this warning occurs often then your model may be either severely ill-conditioned or misspecified.
Chain 1 
Chain 2 Informational Message: The current Metropolis proposal is about to be rejected because of the following issue:
Chain 2 Exception: gamma_lpdf: Shape parameter is 0, but must be positive finite! (in '/tmp/RtmptKTSNf/model-15a7fad60a9.stan', line 130, column 4 to column 49)
Chain 2 If this warning occurs sporadically, such as for highly constrained variable types like covariance matrices, then the sampler is fine,
Chain 2 but if this warning occurs often then your model may be either severely ill-conditioned or misspecified.
Chain 2 
Chain 3 Informational Message: The current Metropolis proposal is about to be rejected because of the following issue:
Chain 3 Exception: gamma_lpdf: Shape parameter is 0, but must be positive finite! (in '/tmp/RtmptKTSNf/model-15a7fad60a9.stan', line 130, column 4 to column 49)
Chain 3 If this warning occurs sporadically, such as for highly constrained variable types like covariance matrices, then the sampler is fine,
Chain 3 but if this warning occurs often then your model may be either severely ill-conditioned or misspecified.
Chain 3 
Chain 4 Informational Message: The current Metropolis proposal is about to be rejected because of the following issue:
Chain 4 Exception: gamma_lpdf: Shape parameter is 0, but must be positive finite! (in '/tmp/RtmptKTSNf/model-15a7fad60a9.stan', line 130, column 4 to column 49)
Chain 4 If this warning occurs sporadically, such as for highly constrained variable types like covariance matrices, then the sampler is fine,
Chain 4 but if this warning occurs often then your model may be either severely ill-conditioned or misspecified.
Chain 4 
Chain 1 Informational Message: The current Metropolis proposal is about to be rejected because of the following issue:
Chain 1 Exception: gamma_lpdf: Shape parameter is 0, but must be positive finite! (in '/tmp/RtmptKTSNf/model-15a7fad60a9.stan', line 130, column 4 to column 49)
Chain 1 If this warning occurs sporadically, such as for highly constrained variable types like covariance matrices, then the sampler is fine,
Chain 1 but if this warning occurs often then your model may be either severely ill-conditioned or misspecified.
Chain 1 
Chain 2 Informational Message: The current Metropolis proposal is about to be rejected because of the following issue:
Chain 2 Exception: gamma_lpdf: Shape parameter is 0, but must be positive finite! (in '/tmp/RtmptKTSNf/model-15a7fad60a9.stan', line 130, column 4 to column 49)
Chain 2 If this warning occurs sporadically, such as for highly constrained variable types like covariance matrices, then the sampler is fine,
Chain 2 but if this warning occurs often then your model may be either severely ill-conditioned or misspecified.
Chain 2 
Chain 3 Informational Message: The current Metropolis proposal is about to be rejected because of the following issue:
Chain 3 Exception: gamma_lpdf: Shape parameter is 0, but must be positive finite! (in '/tmp/RtmptKTSNf/model-15a7fad60a9.stan', line 130, column 4 to column 49)
Chain 3 If this warning occurs sporadically, such as for highly constrained variable types like covariance matrices, then the sampler is fine,
Chain 3 but if this warning occurs often then your model may be either severely ill-conditioned or misspecified.
Chain 3 
Chain 4 Informational Message: The current Metropolis proposal is about to be rejected because of the following issue:
Chain 4 Exception: gamma_lpdf: Shape parameter is 0, but must be positive finite! (in '/tmp/RtmptKTSNf/model-15a7fad60a9.stan', line 130, column 4 to column 49)
Chain 4 If this warning occurs sporadically, such as for highly constrained variable types like covariance matrices, then the sampler is fine,
Chain 4 but if this warning occurs often then your model may be either severely ill-conditioned or misspecified.
Chain 4 
Chain 1 Informational Message: The current Metropolis proposal is about to be rejected because of the following issue:
Chain 1 Exception: gamma_lpdf: Shape parameter is 0, but must be positive finite! (in '/tmp/RtmptKTSNf/model-15a7fad60a9.stan', line 130, column 4 to column 49)
Chain 1 If this warning occurs sporadically, such as for highly constrained variable types like covariance matrices, then the sampler is fine,
Chain 1 but if this warning occurs often then your model may be either severely ill-conditioned or misspecified.
Chain 1 
Chain 2 Informational Message: The current Metropolis proposal is about to be rejected because of the following issue:
Chain 2 Exception: gamma_lpdf: Shape parameter is 0, but must be positive finite! (in '/tmp/RtmptKTSNf/model-15a7fad60a9.stan', line 130, column 4 to column 49)
Chain 2 If this warning occurs sporadically, such as for highly constrained variable types like covariance matrices, then the sampler is fine,
Chain 2 but if this warning occurs often then your model may be either severely ill-conditioned or misspecified.
Chain 2 
Chain 3 Informational Message: The current Metropolis proposal is about to be rejected because of the following issue:
Chain 3 Exception: gamma_lpdf: Shape parameter is 0, but must be positive finite! (in '/tmp/RtmptKTSNf/model-15a7fad60a9.stan', line 130, column 4 to column 49)
Chain 3 If this warning occurs sporadically, such as for highly constrained variable types like covariance matrices, then the sampler is fine,
Chain 3 but if this warning occurs often then your model may be either severely ill-conditioned or misspecified.
Chain 3 
Chain 4 Informational Message: The current Metropolis proposal is about to be rejected because of the following issue:
Chain 4 Exception: gamma_lpdf: Shape parameter is 0, but must be positive finite! (in '/tmp/RtmptKTSNf/model-15a7fad60a9.stan', line 130, column 4 to column 49)
Chain 4 If this warning occurs sporadically, such as for highly constrained variable types like covariance matrices, then the sampler is fine,
Chain 4 but if this warning occurs often then your model may be either severely ill-conditioned or misspecified.
Chain 4 
Chain 1 Informational Message: The current Metropolis proposal is about to be rejected because of the following issue:
Chain 1 Exception: gamma_lpdf: Shape parameter is 0, but must be positive finite! (in '/tmp/RtmptKTSNf/model-15a7fad60a9.stan', line 130, column 4 to column 49)
Chain 1 If this warning occurs sporadically, such as for highly constrained variable types like covariance matrices, then the sampler is fine,
Chain 1 but if this warning occurs often then your model may be either severely ill-conditioned or misspecified.
Chain 1 
Chain 2 Informational Message: The current Metropolis proposal is about to be rejected because of the following issue:
Chain 2 Exception: gamma_lpdf: Shape parameter is 0, but must be positive finite! (in '/tmp/RtmptKTSNf/model-15a7fad60a9.stan', line 130, column 4 to column 49)
Chain 2 If this warning occurs sporadically, such as for highly constrained variable types like covariance matrices, then the sampler is fine,
Chain 2 but if this warning occurs often then your model may be either severely ill-conditioned or misspecified.
Chain 2 
Chain 3 Informational Message: The current Metropolis proposal is about to be rejected because of the following issue:
Chain 3 Exception: gamma_lpdf: Shape parameter is 0, but must be positive finite! (in '/tmp/RtmptKTSNf/model-15a7fad60a9.stan', line 130, column 4 to column 49)
Chain 3 If this warning occurs sporadically, such as for highly constrained variable types like covariance matrices, then the sampler is fine,
Chain 3 but if this warning occurs often then your model may be either severely ill-conditioned or misspecified.
Chain 3 
Chain 4 Informational Message: The current Metropolis proposal is about to be rejected because of the following issue:
Chain 4 Exception: gamma_lpdf: Shape parameter is 0, but must be positive finite! (in '/tmp/RtmptKTSNf/model-15a7fad60a9.stan', line 130, column 4 to column 49)
Chain 4 If this warning occurs sporadically, such as for highly constrained variable types like covariance matrices, then the sampler is fine,
Chain 4 but if this warning occurs often then your model may be either severely ill-conditioned or misspecified.
Chain 4 
Chain 1 Informational Message: The current Metropolis proposal is about to be rejected because of the following issue:
Chain 1 Exception: gamma_lpdf: Shape parameter is 0, but must be positive finite! (in '/tmp/RtmptKTSNf/model-15a7fad60a9.stan', line 130, column 4 to column 49)
Chain 1 If this warning occurs sporadically, such as for highly constrained variable types like covariance matrices, then the sampler is fine,
Chain 1 but if this warning occurs often then your model may be either severely ill-conditioned or misspecified.
Chain 1 
Chain 2 Informational Message: The current Metropolis proposal is about to be rejected because of the following issue:
Chain 2 Exception: gamma_lpdf: Shape parameter is 0, but must be positive finite! (in '/tmp/RtmptKTSNf/model-15a7fad60a9.stan', line 130, column 4 to column 49)
Chain 2 If this warning occurs sporadically, such as for highly constrained variable types like covariance matrices, then the sampler is fine,
Chain 2 but if this warning occurs often then your model may be either severely ill-conditioned or misspecified.
Chain 2 
Chain 3 Informational Message: The current Metropolis proposal is about to be rejected because of the following issue:
Chain 3 Exception: gamma_lpdf: Shape parameter is 0, but must be positive finite! (in '/tmp/RtmptKTSNf/model-15a7fad60a9.stan', line 130, column 4 to column 49)
Chain 3 If this warning occurs sporadically, such as for highly constrained variable types like covariance matrices, then the sampler is fine,
Chain 3 but if this warning occurs often then your model may be either severely ill-conditioned or misspecified.
Chain 3 
Chain 4 Informational Message: The current Metropolis proposal is about to be rejected because of the following issue:
Chain 4 Exception: gamma_lpdf: Shape parameter is 0, but must be positive finite! (in '/tmp/RtmptKTSNf/model-15a7fad60a9.stan', line 130, column 4 to column 49)
Chain 4 If this warning occurs sporadically, such as for highly constrained variable types like covariance matrices, then the sampler is fine,
Chain 4 but if this warning occurs often then your model may be either severely ill-conditioned or misspecified.
Chain 4 
Chain 1 Informational Message: The current Metropolis proposal is about to be rejected because of the following issue:
Chain 1 Exception: gamma_lpdf: Shape parameter is 0, but must be positive finite! (in '/tmp/RtmptKTSNf/model-15a7fad60a9.stan', line 130, column 4 to column 49)
Chain 1 If this warning occurs sporadically, such as for highly constrained variable types like covariance matrices, then the sampler is fine,
Chain 1 but if this warning occurs often then your model may be either severely ill-conditioned or misspecified.
Chain 1 
Chain 3 Informational Message: The current Metropolis proposal is about to be rejected because of the following issue:
Chain 3 Exception: gamma_lpdf: Shape parameter is 0, but must be positive finite! (in '/tmp/RtmptKTSNf/model-15a7fad60a9.stan', line 130, column 4 to column 49)
Chain 3 If this warning occurs sporadically, such as for highly constrained variable types like covariance matrices, then the sampler is fine,
Chain 3 but if this warning occurs often then your model may be either severely ill-conditioned or misspecified.
Chain 3 
Chain 2 Informational Message: The current Metropolis proposal is about to be rejected because of the following issue:
Chain 2 Exception: gamma_lpdf: Shape parameter is 0, but must be positive finite! (in '/tmp/RtmptKTSNf/model-15a7fad60a9.stan', line 130, column 4 to column 49)
Chain 2 If this warning occurs sporadically, such as for highly constrained variable types like covariance matrices, then the sampler is fine,
Chain 2 but if this warning occurs often then your model may be either severely ill-conditioned or misspecified.
Chain 2 
Chain 4 Informational Message: The current Metropolis proposal is about to be rejected because of the following issue:
Chain 4 Exception: gamma_lpdf: Shape parameter is 0, but must be positive finite! (in '/tmp/RtmptKTSNf/model-15a7fad60a9.stan', line 130, column 4 to column 49)
Chain 4 If this warning occurs sporadically, such as for highly constrained variable types like covariance matrices, then the sampler is fine,
Chain 4 but if this warning occurs often then your model may be either severely ill-conditioned or misspecified.
Chain 4 
Chain 1 Informational Message: The current Metropolis proposal is about to be rejected because of the following issue:
Chain 1 Exception: gamma_lpdf: Inverse scale parameter[1] is 0, but must be positive finite! (in '/tmp/RtmptKTSNf/model-15a7fad60a9.stan', line 130, column 4 to column 49)
Chain 1 If this warning occurs sporadically, such as for highly constrained variable types like covariance matrices, then the sampler is fine,
Chain 1 but if this warning occurs often then your model may be either severely ill-conditioned or misspecified.
Chain 1 
Chain 3 Informational Message: The current Metropolis proposal is about to be rejected because of the following issue:
Chain 3 Exception: gamma_lpdf: Shape parameter is 0, but must be positive finite! (in '/tmp/RtmptKTSNf/model-15a7fad60a9.stan', line 130, column 4 to column 49)
Chain 3 If this warning occurs sporadically, such as for highly constrained variable types like covariance matrices, then the sampler is fine,
Chain 3 but if this warning occurs often then your model may be either severely ill-conditioned or misspecified.
Chain 3 
Chain 2 Informational Message: The current Metropolis proposal is about to be rejected because of the following issue:
Chain 2 Exception: gamma_lpdf: Inverse scale parameter[1] is 0, but must be positive finite! (in '/tmp/RtmptKTSNf/model-15a7fad60a9.stan', line 130, column 4 to column 49)
Chain 2 If this warning occurs sporadically, such as for highly constrained variable types like covariance matrices, then the sampler is fine,
Chain 2 but if this warning occurs often then your model may be either severely ill-conditioned or misspecified.
Chain 2 
Chain 4 Informational Message: The current Metropolis proposal is about to be rejected because of the following issue:
Chain 4 Exception: gamma_lpdf: Shape parameter is 0, but must be positive finite! (in '/tmp/RtmptKTSNf/model-15a7fad60a9.stan', line 130, column 4 to column 49)
Chain 4 If this warning occurs sporadically, such as for highly constrained variable types like covariance matrices, then the sampler is fine,
Chain 4 but if this warning occurs often then your model may be either severely ill-conditioned or misspecified.
Chain 4 
Chain 2 Informational Message: The current Metropolis proposal is about to be rejected because of the following issue:
Chain 2 Exception: gamma_lpdf: Inverse scale parameter[1] is 0, but must be positive finite! (in '/tmp/RtmptKTSNf/model-15a7fad60a9.stan', line 130, column 4 to column 49)
Chain 2 If this warning occurs sporadically, such as for highly constrained variable types like covariance matrices, then the sampler is fine,
Chain 2 but if this warning occurs often then your model may be either severely ill-conditioned or misspecified.
Chain 2 
Chain 3 Informational Message: The current Metropolis proposal is about to be rejected because of the following issue:
Chain 3 Exception: gamma_lpdf: Shape parameter is 0, but must be positive finite! (in '/tmp/RtmptKTSNf/model-15a7fad60a9.stan', line 130, column 4 to column 49)
Chain 3 If this warning occurs sporadically, such as for highly constrained variable types like covariance matrices, then the sampler is fine,
Chain 3 but if this warning occurs often then your model may be either severely ill-conditioned or misspecified.
Chain 3 
Chain 4 Informational Message: The current Metropolis proposal is about to be rejected because of the following issue:
Chain 4 Exception: gamma_lpdf: Shape parameter is 0, but must be positive finite! (in '/tmp/RtmptKTSNf/model-15a7fad60a9.stan', line 130, column 4 to column 49)
Chain 4 If this warning occurs sporadically, such as for highly constrained variable types like covariance matrices, then the sampler is fine,
Chain 4 but if this warning occurs often then your model may be either severely ill-conditioned or misspecified.
Chain 4 
Chain 2 Informational Message: The current Metropolis proposal is about to be rejected because of the following issue:
Chain 2 Exception: gamma_lpdf: Inverse scale parameter[1] is 0, but must be positive finite! (in '/tmp/RtmptKTSNf/model-15a7fad60a9.stan', line 130, column 4 to column 49)
Chain 2 If this warning occurs sporadically, such as for highly constrained variable types like covariance matrices, then the sampler is fine,
Chain 2 but if this warning occurs often then your model may be either severely ill-conditioned or misspecified.
Chain 2 
Chain 3 Informational Message: The current Metropolis proposal is about to be rejected because of the following issue:
Chain 3 Exception: gamma_lpdf: Shape parameter is 0, but must be positive finite! (in '/tmp/RtmptKTSNf/model-15a7fad60a9.stan', line 130, column 4 to column 49)
Chain 3 If this warning occurs sporadically, such as for highly constrained variable types like covariance matrices, then the sampler is fine,
Chain 3 but if this warning occurs often then your model may be either severely ill-conditioned or misspecified.
Chain 3 
Chain 4 Informational Message: The current Metropolis proposal is about to be rejected because of the following issue:
Chain 4 Exception: gamma_lpdf: Shape parameter is 0, but must be positive finite! (in '/tmp/RtmptKTSNf/model-15a7fad60a9.stan', line 130, column 4 to column 49)
Chain 4 If this warning occurs sporadically, such as for highly constrained variable types like covariance matrices, then the sampler is fine,
Chain 4 but if this warning occurs often then your model may be either severely ill-conditioned or misspecified.
Chain 4 
Chain 3 Informational Message: The current Metropolis proposal is about to be rejected because of the following issue:
Chain 3 Exception: gamma_lpdf: Shape parameter is 0, but must be positive finite! (in '/tmp/RtmptKTSNf/model-15a7fad60a9.stan', line 130, column 4 to column 49)
Chain 3 If this warning occurs sporadically, such as for highly constrained variable types like covariance matrices, then the sampler is fine,
Chain 3 but if this warning occurs often then your model may be either severely ill-conditioned or misspecified.
Chain 3 
Chain 4 Informational Message: The current Metropolis proposal is about to be rejected because of the following issue:
Chain 4 Exception: gamma_lpdf: Inverse scale parameter[1] is inf, but must be positive finite! (in '/tmp/RtmptKTSNf/model-15a7fad60a9.stan', line 130, column 4 to column 49)
Chain 4 If this warning occurs sporadically, such as for highly constrained variable types like covariance matrices, then the sampler is fine,
Chain 4 but if this warning occurs often then your model may be either severely ill-conditioned or misspecified.
Chain 4 
Chain 3 Informational Message: The current Metropolis proposal is about to be rejected because of the following issue:
Chain 3 Exception: gamma_lpdf: Shape parameter is 0, but must be positive finite! (in '/tmp/RtmptKTSNf/model-15a7fad60a9.stan', line 130, column 4 to column 49)
Chain 3 If this warning occurs sporadically, such as for highly constrained variable types like covariance matrices, then the sampler is fine,
Chain 3 but if this warning occurs often then your model may be either severely ill-conditioned or misspecified.
Chain 3 
Chain 4 Informational Message: The current Metropolis proposal is about to be rejected because of the following issue:
Chain 4 Exception: gamma_lpdf: Inverse scale parameter[1] is inf, but must be positive finite! (in '/tmp/RtmptKTSNf/model-15a7fad60a9.stan', line 130, column 4 to column 49)
Chain 4 If this warning occurs sporadically, such as for highly constrained variable types like covariance matrices, then the sampler is fine,
Chain 4 but if this warning occurs often then your model may be either severely ill-conditioned or misspecified.
Chain 4 
Chain 3 Informational Message: The current Metropolis proposal is about to be rejected because of the following issue:
Chain 3 Exception: gamma_lpdf: Inverse scale parameter[1] is -nan, but must be positive finite! (in '/tmp/RtmptKTSNf/model-15a7fad60a9.stan', line 130, column 4 to column 49)
Chain 3 If this warning occurs sporadically, such as for highly constrained variable types like covariance matrices, then the sampler is fine,
Chain 3 but if this warning occurs often then your model may be either severely ill-conditioned or misspecified.
Chain 3 
Chain 4 Informational Message: The current Metropolis proposal is about to be rejected because of the following issue:
Chain 4 Exception: gamma_lpdf: Inverse scale parameter[5] is inf, but must be positive finite! (in '/tmp/RtmptKTSNf/model-15a7fad60a9.stan', line 130, column 4 to column 49)
Chain 4 If this warning occurs sporadically, such as for highly constrained variable types like covariance matrices, then the sampler is fine,
Chain 4 but if this warning occurs often then your model may be either severely ill-conditioned or misspecified.
Chain 4 
Chain 3 Informational Message: The current Metropolis proposal is about to be rejected because of the following issue:
Chain 3 Exception: gamma_lpdf: Inverse scale parameter[1] is 0, but must be positive finite! (in '/tmp/RtmptKTSNf/model-15a7fad60a9.stan', line 130, column 4 to column 49)
Chain 3 If this warning occurs sporadically, such as for highly constrained variable types like covariance matrices, then the sampler is fine,
Chain 3 but if this warning occurs often then your model may be either severely ill-conditioned or misspecified.
Chain 3 
Chain 3 Informational Message: The current Metropolis proposal is about to be rejected because of the following issue:
Chain 3 Exception: gamma_lpdf: Inverse scale parameter[1] is 0, but must be positive finite! (in '/tmp/RtmptKTSNf/model-15a7fad60a9.stan', line 130, column 4 to column 49)
Chain 3 If this warning occurs sporadically, such as for highly constrained variable types like covariance matrices, then the sampler is fine,
Chain 3 but if this warning occurs often then your model may be either severely ill-conditioned or misspecified.
Chain 3 
Chain 3 Informational Message: The current Metropolis proposal is about to be rejected because of the following issue:
Chain 3 Exception: gamma_lpdf: Inverse scale parameter[1] is 0, but must be positive finite! (in '/tmp/RtmptKTSNf/model-15a7fad60a9.stan', line 130, column 4 to column 49)
Chain 3 If this warning occurs sporadically, such as for highly constrained variable types like covariance matrices, then the sampler is fine,
Chain 3 but if this warning occurs often then your model may be either severely ill-conditioned or misspecified.
Chain 3 
Chain 2 Informational Message: The current Metropolis proposal is about to be rejected because of the following issue:
Chain 2 Exception: gamma_lpdf: Shape parameter is 0, but must be positive finite! (in '/tmp/RtmptKTSNf/model-15a7fad60a9.stan', line 130, column 4 to column 49)
Chain 2 If this warning occurs sporadically, such as for highly constrained variable types like covariance matrices, then the sampler is fine,
Chain 2 but if this warning occurs often then your model may be either severely ill-conditioned or misspecified.
Chain 2 
Chain 2 Informational Message: The current Metropolis proposal is about to be rejected because of the following issue:
Chain 2 Exception: gamma_lpdf: Shape parameter is 0, but must be positive finite! (in '/tmp/RtmptKTSNf/model-15a7fad60a9.stan', line 130, column 4 to column 49)
Chain 2 If this warning occurs sporadically, such as for highly constrained variable types like covariance matrices, then the sampler is fine,
Chain 2 but if this warning occurs often then your model may be either severely ill-conditioned or misspecified.
Chain 2 
Chain 2 Informational Message: The current Metropolis proposal is about to be rejected because of the following issue:
Chain 2 Exception: gamma_lpdf: Shape parameter is 0, but must be positive finite! (in '/tmp/RtmptKTSNf/model-15a7fad60a9.stan', line 130, column 4 to column 49)
Chain 2 If this warning occurs sporadically, such as for highly constrained variable types like covariance matrices, then the sampler is fine,
Chain 2 but if this warning occurs often then your model may be either severely ill-conditioned or misspecified.
Chain 2 
Chain 2 Informational Message: The current Metropolis proposal is about to be rejected because of the following issue:
Chain 2 Exception: gamma_lpdf: Shape parameter is 0, but must be positive finite! (in '/tmp/RtmptKTSNf/model-15a7fad60a9.stan', line 130, column 4 to column 49)
Chain 2 If this warning occurs sporadically, such as for highly constrained variable types like covariance matrices, then the sampler is fine,
Chain 2 but if this warning occurs often then your model may be either severely ill-conditioned or misspecified.
Chain 2 
Chain 4 Informational Message: The current Metropolis proposal is about to be rejected because of the following issue:
Chain 4 Exception: gamma_lpdf: Shape parameter is 0, but must be positive finite! (in '/tmp/RtmptKTSNf/model-15a7fad60a9.stan', line 130, column 4 to column 49)
Chain 4 If this warning occurs sporadically, such as for highly constrained variable types like covariance matrices, then the sampler is fine,
Chain 4 but if this warning occurs often then your model may be either severely ill-conditioned or misspecified.
Chain 4 
Chain 2 Informational Message: The current Metropolis proposal is about to be rejected because of the following issue:
Chain 2 Exception: gamma_lpdf: Shape parameter is 0, but must be positive finite! (in '/tmp/RtmptKTSNf/model-15a7fad60a9.stan', line 130, column 4 to column 49)
Chain 2 If this warning occurs sporadically, such as for highly constrained variable types like covariance matrices, then the sampler is fine,
Chain 2 but if this warning occurs often then your model may be either severely ill-conditioned or misspecified.
Chain 2 
Chain 4 Informational Message: The current Metropolis proposal is about to be rejected because of the following issue:
Chain 4 Exception: gamma_lpdf: Shape parameter is 0, but must be positive finite! (in '/tmp/RtmptKTSNf/model-15a7fad60a9.stan', line 130, column 4 to column 49)
Chain 4 If this warning occurs sporadically, such as for highly constrained variable types like covariance matrices, then the sampler is fine,
Chain 4 but if this warning occurs often then your model may be either severely ill-conditioned or misspecified.
Chain 4 
Chain 2 Informational Message: The current Metropolis proposal is about to be rejected because of the following issue:
Chain 2 Exception: gamma_lpdf: Inverse scale parameter[1] is 0, but must be positive finite! (in '/tmp/RtmptKTSNf/model-15a7fad60a9.stan', line 130, column 4 to column 49)
Chain 2 If this warning occurs sporadically, such as for highly constrained variable types like covariance matrices, then the sampler is fine,
Chain 2 but if this warning occurs often then your model may be either severely ill-conditioned or misspecified.
Chain 2 
Chain 3 Informational Message: The current Metropolis proposal is about to be rejected because of the following issue:
Chain 3 Exception: gamma_lpdf: Shape parameter is 0, but must be positive finite! (in '/tmp/RtmptKTSNf/model-15a7fad60a9.stan', line 130, column 4 to column 49)
Chain 3 If this warning occurs sporadically, such as for highly constrained variable types like covariance matrices, then the sampler is fine,
Chain 3 but if this warning occurs often then your model may be either severely ill-conditioned or misspecified.
Chain 3 
Chain 4 Informational Message: The current Metropolis proposal is about to be rejected because of the following issue:
Chain 4 Exception: gamma_lpdf: Shape parameter is 0, but must be positive finite! (in '/tmp/RtmptKTSNf/model-15a7fad60a9.stan', line 130, column 4 to column 49)
Chain 4 If this warning occurs sporadically, such as for highly constrained variable types like covariance matrices, then the sampler is fine,
Chain 4 but if this warning occurs often then your model may be either severely ill-conditioned or misspecified.
Chain 4 
Chain 3 Informational Message: The current Metropolis proposal is about to be rejected because of the following issue:
Chain 3 Exception: gamma_lpdf: Shape parameter is 0, but must be positive finite! (in '/tmp/RtmptKTSNf/model-15a7fad60a9.stan', line 130, column 4 to column 49)
Chain 3 If this warning occurs sporadically, such as for highly constrained variable types like covariance matrices, then the sampler is fine,
Chain 3 but if this warning occurs often then your model may be either severely ill-conditioned or misspecified.
Chain 3 
Chain 4 Informational Message: The current Metropolis proposal is about to be rejected because of the following issue:
Chain 4 Exception: gamma_lpdf: Shape parameter is 0, but must be positive finite! (in '/tmp/RtmptKTSNf/model-15a7fad60a9.stan', line 130, column 4 to column 49)
Chain 4 If this warning occurs sporadically, such as for highly constrained variable types like covariance matrices, then the sampler is fine,
Chain 4 but if this warning occurs often then your model may be either severely ill-conditioned or misspecified.
Chain 4 
Chain 3 Informational Message: The current Metropolis proposal is about to be rejected because of the following issue:
Chain 3 Exception: gamma_lpdf: Shape parameter is 0, but must be positive finite! (in '/tmp/RtmptKTSNf/model-15a7fad60a9.stan', line 130, column 4 to column 49)
Chain 3 If this warning occurs sporadically, such as for highly constrained variable types like covariance matrices, then the sampler is fine,
Chain 3 but if this warning occurs often then your model may be either severely ill-conditioned or misspecified.
Chain 3 
Chain 4 Informational Message: The current Metropolis proposal is about to be rejected because of the following issue:
Chain 4 Exception: gamma_lpdf: Shape parameter is 0, but must be positive finite! (in '/tmp/RtmptKTSNf/model-15a7fad60a9.stan', line 130, column 4 to column 49)
Chain 4 If this warning occurs sporadically, such as for highly constrained variable types like covariance matrices, then the sampler is fine,
Chain 4 but if this warning occurs often then your model may be either severely ill-conditioned or misspecified.
Chain 4 
Chain 3 Informational Message: The current Metropolis proposal is about to be rejected because of the following issue:
Chain 3 Exception: gamma_lpdf: Shape parameter is 0, but must be positive finite! (in '/tmp/RtmptKTSNf/model-15a7fad60a9.stan', line 130, column 4 to column 49)
Chain 3 If this warning occurs sporadically, such as for highly constrained variable types like covariance matrices, then the sampler is fine,
Chain 3 but if this warning occurs often then your model may be either severely ill-conditioned or misspecified.
Chain 3 
Chain 4 Informational Message: The current Metropolis proposal is about to be rejected because of the following issue:
Chain 4 Exception: gamma_lpdf: Shape parameter is 0, but must be positive finite! (in '/tmp/RtmptKTSNf/model-15a7fad60a9.stan', line 130, column 4 to column 49)
Chain 4 If this warning occurs sporadically, such as for highly constrained variable types like covariance matrices, then the sampler is fine,
Chain 4 but if this warning occurs often then your model may be either severely ill-conditioned or misspecified.
Chain 4 
Chain 3 Informational Message: The current Metropolis proposal is about to be rejected because of the following issue:
Chain 3 Exception: gamma_lpdf: Shape parameter is 0, but must be positive finite! (in '/tmp/RtmptKTSNf/model-15a7fad60a9.stan', line 130, column 4 to column 49)
Chain 3 If this warning occurs sporadically, such as for highly constrained variable types like covariance matrices, then the sampler is fine,
Chain 3 but if this warning occurs often then your model may be either severely ill-conditioned or misspecified.
Chain 3 
Chain 4 Informational Message: The current Metropolis proposal is about to be rejected because of the following issue:
Chain 4 Exception: gamma_lpdf: Inverse scale parameter[1] is inf, but must be positive finite! (in '/tmp/RtmptKTSNf/model-15a7fad60a9.stan', line 130, column 4 to column 49)
Chain 4 If this warning occurs sporadically, such as for highly constrained variable types like covariance matrices, then the sampler is fine,
Chain 4 but if this warning occurs often then your model may be either severely ill-conditioned or misspecified.
Chain 4 
Chain 3 Informational Message: The current Metropolis proposal is about to be rejected because of the following issue:
Chain 3 Exception: gamma_lpdf: Shape parameter is 0, but must be positive finite! (in '/tmp/RtmptKTSNf/model-15a7fad60a9.stan', line 130, column 4 to column 49)
Chain 3 If this warning occurs sporadically, such as for highly constrained variable types like covariance matrices, then the sampler is fine,
Chain 3 but if this warning occurs often then your model may be either severely ill-conditioned or misspecified.
Chain 3 
Chain 3 Informational Message: The current Metropolis proposal is about to be rejected because of the following issue:
Chain 3 Exception: gamma_lpdf: Shape parameter is 0, but must be positive finite! (in '/tmp/RtmptKTSNf/model-15a7fad60a9.stan', line 130, column 4 to column 49)
Chain 3 If this warning occurs sporadically, such as for highly constrained variable types like covariance matrices, then the sampler is fine,
Chain 3 but if this warning occurs often then your model may be either severely ill-conditioned or misspecified.
Chain 3 
Chain 3 Informational Message: The current Metropolis proposal is about to be rejected because of the following issue:
Chain 3 Exception: gamma_lpdf: Inverse scale parameter[5] is 0, but must be positive finite! (in '/tmp/RtmptKTSNf/model-15a7fad60a9.stan', line 130, column 4 to column 49)
Chain 3 If this warning occurs sporadically, such as for highly constrained variable types like covariance matrices, then the sampler is fine,
Chain 3 but if this warning occurs often then your model may be either severely ill-conditioned or misspecified.
Chain 3 
Chain 1 Informational Message: The current Metropolis proposal is about to be rejected because of the following issue:
Chain 1 Exception: gamma_lpdf: Shape parameter is 0, but must be positive finite! (in '/tmp/RtmptKTSNf/model-15a7fad60a9.stan', line 130, column 4 to column 49)
Chain 1 If this warning occurs sporadically, such as for highly constrained variable types like covariance matrices, then the sampler is fine,
Chain 1 but if this warning occurs often then your model may be either severely ill-conditioned or misspecified.
Chain 1 
Chain 1 Informational Message: The current Metropolis proposal is about to be rejected because of the following issue:
Chain 1 Exception: gamma_lpdf: Shape parameter is 0, but must be positive finite! (in '/tmp/RtmptKTSNf/model-15a7fad60a9.stan', line 130, column 4 to column 49)
Chain 1 If this warning occurs sporadically, such as for highly constrained variable types like covariance matrices, then the sampler is fine,
Chain 1 but if this warning occurs often then your model may be either severely ill-conditioned or misspecified.
Chain 1 
Chain 1 Informational Message: The current Metropolis proposal is about to be rejected because of the following issue:
Chain 1 Exception: gamma_lpdf: Shape parameter is 0, but must be positive finite! (in '/tmp/RtmptKTSNf/model-15a7fad60a9.stan', line 130, column 4 to column 49)
Chain 1 If this warning occurs sporadically, such as for highly constrained variable types like covariance matrices, then the sampler is fine,
Chain 1 but if this warning occurs often then your model may be either severely ill-conditioned or misspecified.
Chain 1 
Chain 1 Informational Message: The current Metropolis proposal is about to be rejected because of the following issue:
Chain 1 Exception: gamma_lpdf: Shape parameter is 0, but must be positive finite! (in '/tmp/RtmptKTSNf/model-15a7fad60a9.stan', line 130, column 4 to column 49)
Chain 1 If this warning occurs sporadically, such as for highly constrained variable types like covariance matrices, then the sampler is fine,
Chain 1 but if this warning occurs often then your model may be either severely ill-conditioned or misspecified.
Chain 1 
Chain 1 Informational Message: The current Metropolis proposal is about to be rejected because of the following issue:
Chain 1 Exception: gamma_lpdf: Shape parameter is 0, but must be positive finite! (in '/tmp/RtmptKTSNf/model-15a7fad60a9.stan', line 130, column 4 to column 49)
Chain 1 If this warning occurs sporadically, such as for highly constrained variable types like covariance matrices, then the sampler is fine,
Chain 1 but if this warning occurs often then your model may be either severely ill-conditioned or misspecified.
Chain 1 
Chain 1 Informational Message: The current Metropolis proposal is about to be rejected because of the following issue:
Chain 1 Exception: gamma_lpdf: Inverse scale parameter[1] is 0, but must be positive finite! (in '/tmp/RtmptKTSNf/model-15a7fad60a9.stan', line 130, column 4 to column 49)
Chain 1 If this warning occurs sporadically, such as for highly constrained variable types like covariance matrices, then the sampler is fine,
Chain 1 but if this warning occurs often then your model may be either severely ill-conditioned or misspecified.
Chain 1 
Warning: 27 of 2000 (1.0%) transitions ended with a divergence.
See https://mc-stan.org/misc/warnings for details.

Warning: 948 of 2000 (47.0%) transitions hit the maximum treedepth limit of 10.
See https://mc-stan.org/misc/warnings for details.

