running
  '/data/tools/r/R-4.2.0/bin/R --no-echo --no-restore --file=04_FinalModel.R'


Attaching package: ‘dplyr’

The following objects are masked from ‘package:stats’:

    filter, lag

The following objects are masked from ‘package:base’:

    intersect, setdiff, setequal, union

Loading required package: Rcpp
Loading 'brms' package (version 2.19.0). Useful instructions
can be found by typing help('brms'). A more detailed introduction
to the package is available through vignette('brms_overview').

Attaching package: ‘brms’

The following object is masked from ‘package:stats’:

    ar

This is cmdstanr version 0.5.3
- CmdStanR documentation and vignettes: mc-stan.org/cmdstanr
- CmdStan path: /home/blum/.cmdstan/cmdstan-2.31.0
- CmdStan version: 2.31.0

A newer version of CmdStan is available. See ?install_cmdstan() to install it.
To disable this check set option or environment variable CMDSTANR_NO_VER_CHECK=TRUE.
Rows: 874627 Columns: 13
── Column specification ────────────────────────────────────────────────────────
Delimiter: "\t"
chr (7): ID, Value, Language, Family, Speaker, CLTS, cluster_status
dbl (6): Duration, utt_initial, word_initial, z_num_phones, z_speech_rate, z...

ℹ Use `spec()` to retrieve the full column specification for this data.
ℹ Specify the column types or set `show_col_types = FALSE` to quiet this message.
CmdStan path set to: /data/users/blum/tools/cmdstan-2.32.2-threaded
/data/users/blum/tools/cmdstan-2.32.2-threaded/stan/lib/stan_math/lib/tbb_2020.3/build/Makefile.tbb:28: CONFIG: cfg=release arch=intel64 compiler=gcc target=linux runtime=cc7.5.0_libc2.27_kernel4.15.0

Start sampling
Chain 1 Informational Message: The current Metropolis proposal is about to be rejected because of the following issue:
Chain 1 Exception: Exception: gamma_lpdf: Shape parameter is 0, but must be positive finite! (in '/tmp/RtmpKrCgF2/model-4ff12dbaccdb.stan', line 61, column 4 to column 63) (in '/tmp/RtmpKrCgF2/model-4ff12dbaccdb.stan', line 186, column 4 to line 191, column 32)
Chain 1 If this warning occurs sporadically, such as for highly constrained variable types like covariance matrices, then the sampler is fine,
Chain 1 but if this warning occurs often then your model may be either severely ill-conditioned or misspecified.
Chain 1 
Chain 2 Informational Message: The current Metropolis proposal is about to be rejected because of the following issue:
Chain 2 Exception: Exception: gamma_lpdf: Shape parameter is 0, but must be positive finite! (in '/tmp/RtmpKrCgF2/model-4ff12dbaccdb.stan', line 61, column 4 to column 63) (in '/tmp/RtmpKrCgF2/model-4ff12dbaccdb.stan', line 186, column 4 to line 191, column 32)
Chain 2 If this warning occurs sporadically, such as for highly constrained variable types like covariance matrices, then the sampler is fine,
Chain 2 but if this warning occurs often then your model may be either severely ill-conditioned or misspecified.
Chain 2 
Chain 3 Informational Message: The current Metropolis proposal is about to be rejected because of the following issue:
Chain 3 Exception: Exception: gamma_lpdf: Shape parameter is 0, but must be positive finite! (in '/tmp/RtmpKrCgF2/model-4ff12dbaccdb.stan', line 61, column 4 to column 63) (in '/tmp/RtmpKrCgF2/model-4ff12dbaccdb.stan', line 186, column 4 to line 191, column 32)
Chain 3 If this warning occurs sporadically, such as for highly constrained variable types like covariance matrices, then the sampler is fine,
Chain 3 but if this warning occurs often then your model may be either severely ill-conditioned or misspecified.
Chain 3 
Chain 1 Informational Message: The current Metropolis proposal is about to be rejected because of the following issue:
Chain 1 Exception: Exception: gamma_lpdf: Shape parameter is 0, but must be positive finite! (in '/tmp/RtmpKrCgF2/model-4ff12dbaccdb.stan', line 61, column 4 to column 63) (in '/tmp/RtmpKrCgF2/model-4ff12dbaccdb.stan', line 186, column 4 to line 191, column 32)
Chain 1 If this warning occurs sporadically, such as for highly constrained variable types like covariance matrices, then the sampler is fine,
Chain 1 but if this warning occurs often then your model may be either severely ill-conditioned or misspecified.
Chain 1 
Chain 4 Informational Message: The current Metropolis proposal is about to be rejected because of the following issue:
Chain 4 Exception: Exception: gamma_lpdf: Shape parameter is 0, but must be positive finite! (in '/tmp/RtmpKrCgF2/model-4ff12dbaccdb.stan', line 61, column 4 to column 63) (in '/tmp/RtmpKrCgF2/model-4ff12dbaccdb.stan', line 186, column 4 to line 191, column 32)
Chain 4 If this warning occurs sporadically, such as for highly constrained variable types like covariance matrices, then the sampler is fine,
Chain 4 but if this warning occurs often then your model may be either severely ill-conditioned or misspecified.
Chain 4 
Chain 2 Informational Message: The current Metropolis proposal is about to be rejected because of the following issue:
Chain 2 Exception: Exception: gamma_lpdf: Shape parameter is 0, but must be positive finite! (in '/tmp/RtmpKrCgF2/model-4ff12dbaccdb.stan', line 61, column 4 to column 63) (in '/tmp/RtmpKrCgF2/model-4ff12dbaccdb.stan', line 186, column 4 to line 191, column 32)
Chain 2 If this warning occurs sporadically, such as for highly constrained variable types like covariance matrices, then the sampler is fine,
Chain 2 but if this warning occurs often then your model may be either severely ill-conditioned or misspecified.
Chain 2 
Chain 3 Informational Message: The current Metropolis proposal is about to be rejected because of the following issue:
Chain 3 Exception: Exception: gamma_lpdf: Shape parameter is 0, but must be positive finite! (in '/tmp/RtmpKrCgF2/model-4ff12dbaccdb.stan', line 61, column 4 to column 63) (in '/tmp/RtmpKrCgF2/model-4ff12dbaccdb.stan', line 186, column 4 to line 191, column 32)
Chain 3 If this warning occurs sporadically, such as for highly constrained variable types like covariance matrices, then the sampler is fine,
Chain 3 but if this warning occurs often then your model may be either severely ill-conditioned or misspecified.
Chain 3 
Chain 1 Informational Message: The current Metropolis proposal is about to be rejected because of the following issue:
Chain 1 Exception: Exception: gamma_lpdf: Shape parameter is 0, but must be positive finite! (in '/tmp/RtmpKrCgF2/model-4ff12dbaccdb.stan', line 61, column 4 to column 63) (in '/tmp/RtmpKrCgF2/model-4ff12dbaccdb.stan', line 186, column 4 to line 191, column 32)
Chain 1 If this warning occurs sporadically, such as for highly constrained variable types like covariance matrices, then the sampler is fine,
Chain 1 but if this warning occurs often then your model may be either severely ill-conditioned or misspecified.
Chain 1 
Chain 2 Informational Message: The current Metropolis proposal is about to be rejected because of the following issue:
Chain 2 Exception: Exception: gamma_lpdf: Shape parameter is 0, but must be positive finite! (in '/tmp/RtmpKrCgF2/model-4ff12dbaccdb.stan', line 61, column 4 to column 63) (in '/tmp/RtmpKrCgF2/model-4ff12dbaccdb.stan', line 186, column 4 to line 191, column 32)
Chain 2 If this warning occurs sporadically, such as for highly constrained variable types like covariance matrices, then the sampler is fine,
Chain 2 but if this warning occurs often then your model may be either severely ill-conditioned or misspecified.
Chain 2 
Chain 4 Informational Message: The current Metropolis proposal is about to be rejected because of the following issue:
Chain 4 Exception: Exception: gamma_lpdf: Shape parameter is 0, but must be positive finite! (in '/tmp/RtmpKrCgF2/model-4ff12dbaccdb.stan', line 61, column 4 to column 63) (in '/tmp/RtmpKrCgF2/model-4ff12dbaccdb.stan', line 186, column 4 to line 191, column 32)
Chain 4 If this warning occurs sporadically, such as for highly constrained variable types like covariance matrices, then the sampler is fine,
Chain 4 but if this warning occurs often then your model may be either severely ill-conditioned or misspecified.
Chain 4 
Chain 3 Informational Message: The current Metropolis proposal is about to be rejected because of the following issue:
Chain 3 Exception: Exception: gamma_lpdf: Shape parameter is 0, but must be positive finite! (in '/tmp/RtmpKrCgF2/model-4ff12dbaccdb.stan', line 61, column 4 to column 63) (in '/tmp/RtmpKrCgF2/model-4ff12dbaccdb.stan', line 186, column 4 to line 191, column 32)
Chain 3 If this warning occurs sporadically, such as for highly constrained variable types like covariance matrices, then the sampler is fine,
Chain 3 but if this warning occurs often then your model may be either severely ill-conditioned or misspecified.
Chain 3 
Chain 1 Informational Message: The current Metropolis proposal is about to be rejected because of the following issue:
Chain 1 Exception: Exception: gamma_lpdf: Shape parameter is 0, but must be positive finite! (in '/tmp/RtmpKrCgF2/model-4ff12dbaccdb.stan', line 61, column 4 to column 63) (in '/tmp/RtmpKrCgF2/model-4ff12dbaccdb.stan', line 186, column 4 to line 191, column 32)
Chain 1 If this warning occurs sporadically, such as for highly constrained variable types like covariance matrices, then the sampler is fine,
Chain 1 but if this warning occurs often then your model may be either severely ill-conditioned or misspecified.
Chain 1 
Chain 2 Informational Message: The current Metropolis proposal is about to be rejected because of the following issue:
Chain 2 Exception: Exception: gamma_lpdf: Shape parameter is 0, but must be positive finite! (in '/tmp/RtmpKrCgF2/model-4ff12dbaccdb.stan', line 61, column 4 to column 63) (in '/tmp/RtmpKrCgF2/model-4ff12dbaccdb.stan', line 186, column 4 to line 191, column 32)
Chain 2 If this warning occurs sporadically, such as for highly constrained variable types like covariance matrices, then the sampler is fine,
Chain 2 but if this warning occurs often then your model may be either severely ill-conditioned or misspecified.
Chain 2 
Chain 3 Informational Message: The current Metropolis proposal is about to be rejected because of the following issue:
Chain 3 Exception: Exception: gamma_lpdf: Shape parameter is 0, but must be positive finite! (in '/tmp/RtmpKrCgF2/model-4ff12dbaccdb.stan', line 61, column 4 to column 63) (in '/tmp/RtmpKrCgF2/model-4ff12dbaccdb.stan', line 186, column 4 to line 191, column 32)
Chain 3 If this warning occurs sporadically, such as for highly constrained variable types like covariance matrices, then the sampler is fine,
Chain 3 but if this warning occurs often then your model may be either severely ill-conditioned or misspecified.
Chain 3 
Chain 4 Informational Message: The current Metropolis proposal is about to be rejected because of the following issue:
Chain 4 Exception: Exception: gamma_lpdf: Shape parameter is 0, but must be positive finite! (in '/tmp/RtmpKrCgF2/model-4ff12dbaccdb.stan', line 61, column 4 to column 63) (in '/tmp/RtmpKrCgF2/model-4ff12dbaccdb.stan', line 186, column 4 to line 191, column 32)
Chain 4 If this warning occurs sporadically, such as for highly constrained variable types like covariance matrices, then the sampler is fine,
Chain 4 but if this warning occurs often then your model may be either severely ill-conditioned or misspecified.
Chain 4 
Chain 1 Informational Message: The current Metropolis proposal is about to be rejected because of the following issue:
Chain 1 Exception: Exception: gamma_lpdf: Shape parameter is 0, but must be positive finite! (in '/tmp/RtmpKrCgF2/model-4ff12dbaccdb.stan', line 61, column 4 to column 63) (in '/tmp/RtmpKrCgF2/model-4ff12dbaccdb.stan', line 186, column 4 to line 191, column 32)
Chain 1 If this warning occurs sporadically, such as for highly constrained variable types like covariance matrices, then the sampler is fine,
Chain 1 but if this warning occurs often then your model may be either severely ill-conditioned or misspecified.
Chain 1 
Chain 3 Informational Message: The current Metropolis proposal is about to be rejected because of the following issue:
Chain 3 Exception: Exception: gamma_lpdf: Shape parameter is 0, but must be positive finite! (in '/tmp/RtmpKrCgF2/model-4ff12dbaccdb.stan', line 61, column 4 to column 63) (in '/tmp/RtmpKrCgF2/model-4ff12dbaccdb.stan', line 186, column 4 to line 191, column 32)
Chain 3 If this warning occurs sporadically, such as for highly constrained variable types like covariance matrices, then the sampler is fine,
Chain 3 but if this warning occurs often then your model may be either severely ill-conditioned or misspecified.
Chain 3 
Chain 4 Informational Message: The current Metropolis proposal is about to be rejected because of the following issue:
Chain 4 Exception: Exception: gamma_lpdf: Shape parameter is 0, but must be positive finite! (in '/tmp/RtmpKrCgF2/model-4ff12dbaccdb.stan', line 61, column 4 to column 63) (in '/tmp/RtmpKrCgF2/model-4ff12dbaccdb.stan', line 186, column 4 to line 191, column 32)
Chain 4 If this warning occurs sporadically, such as for highly constrained variable types like covariance matrices, then the sampler is fine,
Chain 4 but if this warning occurs often then your model may be either severely ill-conditioned or misspecified.
Chain 4 
Chain 1 Informational Message: The current Metropolis proposal is about to be rejected because of the following issue:
Chain 1 Exception: Exception: gamma_lpdf: Shape parameter is 0, but must be positive finite! (in '/tmp/RtmpKrCgF2/model-4ff12dbaccdb.stan', line 61, column 4 to column 63) (in '/tmp/RtmpKrCgF2/model-4ff12dbaccdb.stan', line 186, column 4 to line 191, column 32)
Chain 1 If this warning occurs sporadically, such as for highly constrained variable types like covariance matrices, then the sampler is fine,
Chain 1 but if this warning occurs often then your model may be either severely ill-conditioned or misspecified.
Chain 1 
Chain 2 Informational Message: The current Metropolis proposal is about to be rejected because of the following issue:
Chain 2 Exception: Exception: gamma_lpdf: Shape parameter is 0, but must be positive finite! (in '/tmp/RtmpKrCgF2/model-4ff12dbaccdb.stan', line 61, column 4 to column 63) (in '/tmp/RtmpKrCgF2/model-4ff12dbaccdb.stan', line 186, column 4 to line 191, column 32)
Chain 2 If this warning occurs sporadically, such as for highly constrained variable types like covariance matrices, then the sampler is fine,
Chain 2 but if this warning occurs often then your model may be either severely ill-conditioned or misspecified.
Chain 2 
Chain 3 Informational Message: The current Metropolis proposal is about to be rejected because of the following issue:
Chain 3 Exception: Exception: gamma_lpdf: Shape parameter is 0, but must be positive finite! (in '/tmp/RtmpKrCgF2/model-4ff12dbaccdb.stan', line 61, column 4 to column 63) (in '/tmp/RtmpKrCgF2/model-4ff12dbaccdb.stan', line 186, column 4 to line 191, column 32)
Chain 3 If this warning occurs sporadically, such as for highly constrained variable types like covariance matrices, then the sampler is fine,
Chain 3 but if this warning occurs often then your model may be either severely ill-conditioned or misspecified.
Chain 3 
Chain 4 Informational Message: The current Metropolis proposal is about to be rejected because of the following issue:
Chain 4 Exception: Exception: gamma_lpdf: Shape parameter is 0, but must be positive finite! (in '/tmp/RtmpKrCgF2/model-4ff12dbaccdb.stan', line 61, column 4 to column 63) (in '/tmp/RtmpKrCgF2/model-4ff12dbaccdb.stan', line 186, column 4 to line 191, column 32)
Chain 4 If this warning occurs sporadically, such as for highly constrained variable types like covariance matrices, then the sampler is fine,
Chain 4 but if this warning occurs often then your model may be either severely ill-conditioned or misspecified.
Chain 4 
Chain 1 Informational Message: The current Metropolis proposal is about to be rejected because of the following issue:
Chain 1 Exception: Exception: gamma_lpdf: Shape parameter is 0, but must be positive finite! (in '/tmp/RtmpKrCgF2/model-4ff12dbaccdb.stan', line 61, column 4 to column 63) (in '/tmp/RtmpKrCgF2/model-4ff12dbaccdb.stan', line 186, column 4 to line 191, column 32)
Chain 1 If this warning occurs sporadically, such as for highly constrained variable types like covariance matrices, then the sampler is fine,
Chain 1 but if this warning occurs often then your model may be either severely ill-conditioned or misspecified.
Chain 1 
Chain 2 Informational Message: The current Metropolis proposal is about to be rejected because of the following issue:
Chain 2 Exception: Exception: gamma_lpdf: Shape parameter is 0, but must be positive finite! (in '/tmp/RtmpKrCgF2/model-4ff12dbaccdb.stan', line 61, column 4 to column 63) (in '/tmp/RtmpKrCgF2/model-4ff12dbaccdb.stan', line 186, column 4 to line 191, column 32)
Chain 2 If this warning occurs sporadically, such as for highly constrained variable types like covariance matrices, then the sampler is fine,
Chain 2 but if this warning occurs often then your model may be either severely ill-conditioned or misspecified.
Chain 2 
Chain 3 Informational Message: The current Metropolis proposal is about to be rejected because of the following issue:
Chain 3 Exception: Exception: gamma_lpdf: Shape parameter is 0, but must be positive finite! (in '/tmp/RtmpKrCgF2/model-4ff12dbaccdb.stan', line 61, column 4 to column 63) (in '/tmp/RtmpKrCgF2/model-4ff12dbaccdb.stan', line 186, column 4 to line 191, column 32)
Chain 3 If this warning occurs sporadically, such as for highly constrained variable types like covariance matrices, then the sampler is fine,
Chain 3 but if this warning occurs often then your model may be either severely ill-conditioned or misspecified.
Chain 3 
Chain 4 Informational Message: The current Metropolis proposal is about to be rejected because of the following issue:
Chain 4 Exception: Exception: gamma_lpdf: Shape parameter is 0, but must be positive finite! (in '/tmp/RtmpKrCgF2/model-4ff12dbaccdb.stan', line 61, column 4 to column 63) (in '/tmp/RtmpKrCgF2/model-4ff12dbaccdb.stan', line 186, column 4 to line 191, column 32)
Chain 4 If this warning occurs sporadically, such as for highly constrained variable types like covariance matrices, then the sampler is fine,
Chain 4 but if this warning occurs often then your model may be either severely ill-conditioned or misspecified.
Chain 4 
Chain 1 Informational Message: The current Metropolis proposal is about to be rejected because of the following issue:
Chain 1 Exception: Exception: gamma_lpdf: Shape parameter is 0, but must be positive finite! (in '/tmp/RtmpKrCgF2/model-4ff12dbaccdb.stan', line 61, column 4 to column 63) (in '/tmp/RtmpKrCgF2/model-4ff12dbaccdb.stan', line 186, column 4 to line 191, column 32)
Chain 1 If this warning occurs sporadically, such as for highly constrained variable types like covariance matrices, then the sampler is fine,
Chain 1 but if this warning occurs often then your model may be either severely ill-conditioned or misspecified.
Chain 1 
Chain 2 Informational Message: The current Metropolis proposal is about to be rejected because of the following issue:
Chain 2 Exception: Exception: gamma_lpdf: Shape parameter is 0, but must be positive finite! (in '/tmp/RtmpKrCgF2/model-4ff12dbaccdb.stan', line 61, column 4 to column 63) (in '/tmp/RtmpKrCgF2/model-4ff12dbaccdb.stan', line 186, column 4 to line 191, column 32)
Chain 2 If this warning occurs sporadically, such as for highly constrained variable types like covariance matrices, then the sampler is fine,
Chain 2 but if this warning occurs often then your model may be either severely ill-conditioned or misspecified.
Chain 2 
Chain 3 Informational Message: The current Metropolis proposal is about to be rejected because of the following issue:
Chain 3 Exception: Exception: gamma_lpdf: Shape parameter is 0, but must be positive finite! (in '/tmp/RtmpKrCgF2/model-4ff12dbaccdb.stan', line 61, column 4 to column 63) (in '/tmp/RtmpKrCgF2/model-4ff12dbaccdb.stan', line 186, column 4 to line 191, column 32)
Chain 3 If this warning occurs sporadically, such as for highly constrained variable types like covariance matrices, then the sampler is fine,
Chain 3 but if this warning occurs often then your model may be either severely ill-conditioned or misspecified.
Chain 3 
Chain 4 Informational Message: The current Metropolis proposal is about to be rejected because of the following issue:
Chain 4 Exception: Exception: gamma_lpdf: Shape parameter is 0, but must be positive finite! (in '/tmp/RtmpKrCgF2/model-4ff12dbaccdb.stan', line 61, column 4 to column 63) (in '/tmp/RtmpKrCgF2/model-4ff12dbaccdb.stan', line 186, column 4 to line 191, column 32)
Chain 4 If this warning occurs sporadically, such as for highly constrained variable types like covariance matrices, then the sampler is fine,
Chain 4 but if this warning occurs often then your model may be either severely ill-conditioned or misspecified.
Chain 4 
Chain 1 Informational Message: The current Metropolis proposal is about to be rejected because of the following issue:
Chain 1 Exception: Exception: gamma_lpdf: Shape parameter is 0, but must be positive finite! (in '/tmp/RtmpKrCgF2/model-4ff12dbaccdb.stan', line 61, column 4 to column 63) (in '/tmp/RtmpKrCgF2/model-4ff12dbaccdb.stan', line 186, column 4 to line 191, column 32)
Chain 1 If this warning occurs sporadically, such as for highly constrained variable types like covariance matrices, then the sampler is fine,
Chain 1 but if this warning occurs often then your model may be either severely ill-conditioned or misspecified.
Chain 1 
Chain 2 Informational Message: The current Metropolis proposal is about to be rejected because of the following issue:
Chain 2 Exception: Exception: gamma_lpdf: Shape parameter is 0, but must be positive finite! (in '/tmp/RtmpKrCgF2/model-4ff12dbaccdb.stan', line 61, column 4 to column 63) (in '/tmp/RtmpKrCgF2/model-4ff12dbaccdb.stan', line 186, column 4 to line 191, column 32)
Chain 2 If this warning occurs sporadically, such as for highly constrained variable types like covariance matrices, then the sampler is fine,
Chain 2 but if this warning occurs often then your model may be either severely ill-conditioned or misspecified.
Chain 2 
Chain 3 Informational Message: The current Metropolis proposal is about to be rejected because of the following issue:
Chain 3 Exception: Exception: gamma_lpdf: Shape parameter is 0, but must be positive finite! (in '/tmp/RtmpKrCgF2/model-4ff12dbaccdb.stan', line 61, column 4 to column 63) (in '/tmp/RtmpKrCgF2/model-4ff12dbaccdb.stan', line 186, column 4 to line 191, column 32)
Chain 3 If this warning occurs sporadically, such as for highly constrained variable types like covariance matrices, then the sampler is fine,
Chain 3 but if this warning occurs often then your model may be either severely ill-conditioned or misspecified.
Chain 3 
Chain 4 Informational Message: The current Metropolis proposal is about to be rejected because of the following issue:
Chain 4 Exception: Exception: gamma_lpdf: Shape parameter is 0, but must be positive finite! (in '/tmp/RtmpKrCgF2/model-4ff12dbaccdb.stan', line 61, column 4 to column 63) (in '/tmp/RtmpKrCgF2/model-4ff12dbaccdb.stan', line 186, column 4 to line 191, column 32)
Chain 4 If this warning occurs sporadically, such as for highly constrained variable types like covariance matrices, then the sampler is fine,
Chain 4 but if this warning occurs often then your model may be either severely ill-conditioned or misspecified.
Chain 4 
Chain 1 Informational Message: The current Metropolis proposal is about to be rejected because of the following issue:
Chain 1 Exception: Exception: gamma_lpdf: Shape parameter is 0, but must be positive finite! (in '/tmp/RtmpKrCgF2/model-4ff12dbaccdb.stan', line 61, column 4 to column 63) (in '/tmp/RtmpKrCgF2/model-4ff12dbaccdb.stan', line 186, column 4 to line 191, column 32)
Chain 1 If this warning occurs sporadically, such as for highly constrained variable types like covariance matrices, then the sampler is fine,
Chain 1 but if this warning occurs often then your model may be either severely ill-conditioned or misspecified.
Chain 1 
Chain 2 Informational Message: The current Metropolis proposal is about to be rejected because of the following issue:
Chain 2 Exception: Exception: gamma_lpdf: Shape parameter is 0, but must be positive finite! (in '/tmp/RtmpKrCgF2/model-4ff12dbaccdb.stan', line 61, column 4 to column 63) (in '/tmp/RtmpKrCgF2/model-4ff12dbaccdb.stan', line 186, column 4 to line 191, column 32)
Chain 2 If this warning occurs sporadically, such as for highly constrained variable types like covariance matrices, then the sampler is fine,
Chain 2 but if this warning occurs often then your model may be either severely ill-conditioned or misspecified.
Chain 2 
Chain 3 Informational Message: The current Metropolis proposal is about to be rejected because of the following issue:
Chain 3 Exception: Exception: gamma_lpdf: Shape parameter is 0, but must be positive finite! (in '/tmp/RtmpKrCgF2/model-4ff12dbaccdb.stan', line 61, column 4 to column 63) (in '/tmp/RtmpKrCgF2/model-4ff12dbaccdb.stan', line 186, column 4 to line 191, column 32)
Chain 3 If this warning occurs sporadically, such as for highly constrained variable types like covariance matrices, then the sampler is fine,
Chain 3 but if this warning occurs often then your model may be either severely ill-conditioned or misspecified.
Chain 3 
Chain 4 Informational Message: The current Metropolis proposal is about to be rejected because of the following issue:
Chain 4 Exception: Exception: gamma_lpdf: Shape parameter is 0, but must be positive finite! (in '/tmp/RtmpKrCgF2/model-4ff12dbaccdb.stan', line 61, column 4 to column 63) (in '/tmp/RtmpKrCgF2/model-4ff12dbaccdb.stan', line 186, column 4 to line 191, column 32)
Chain 4 If this warning occurs sporadically, such as for highly constrained variable types like covariance matrices, then the sampler is fine,
Chain 4 but if this warning occurs often then your model may be either severely ill-conditioned or misspecified.
Chain 4 
Chain 1 Informational Message: The current Metropolis proposal is about to be rejected because of the following issue:
Chain 1 Exception: Exception: gamma_lpdf: Shape parameter is 0, but must be positive finite! (in '/tmp/RtmpKrCgF2/model-4ff12dbaccdb.stan', line 61, column 4 to column 63) (in '/tmp/RtmpKrCgF2/model-4ff12dbaccdb.stan', line 186, column 4 to line 191, column 32)
Chain 1 If this warning occurs sporadically, such as for highly constrained variable types like covariance matrices, then the sampler is fine,
Chain 1 but if this warning occurs often then your model may be either severely ill-conditioned or misspecified.
Chain 1 
Chain 2 Informational Message: The current Metropolis proposal is about to be rejected because of the following issue:
Chain 2 Exception: Exception: gamma_lpdf: Shape parameter is 0, but must be positive finite! (in '/tmp/RtmpKrCgF2/model-4ff12dbaccdb.stan', line 61, column 4 to column 63) (in '/tmp/RtmpKrCgF2/model-4ff12dbaccdb.stan', line 186, column 4 to line 191, column 32)
Chain 2 If this warning occurs sporadically, such as for highly constrained variable types like covariance matrices, then the sampler is fine,
Chain 2 but if this warning occurs often then your model may be either severely ill-conditioned or misspecified.
Chain 2 
Chain 3 Informational Message: The current Metropolis proposal is about to be rejected because of the following issue:
Chain 3 Exception: Exception: gamma_lpdf: Shape parameter is 0, but must be positive finite! (in '/tmp/RtmpKrCgF2/model-4ff12dbaccdb.stan', line 61, column 4 to column 63) (in '/tmp/RtmpKrCgF2/model-4ff12dbaccdb.stan', line 186, column 4 to line 191, column 32)
Chain 3 If this warning occurs sporadically, such as for highly constrained variable types like covariance matrices, then the sampler is fine,
Chain 3 but if this warning occurs often then your model may be either severely ill-conditioned or misspecified.
Chain 3 
Chain 4 Informational Message: The current Metropolis proposal is about to be rejected because of the following issue:
Chain 4 Exception: Exception: gamma_lpdf: Shape parameter is 0, but must be positive finite! (in '/tmp/RtmpKrCgF2/model-4ff12dbaccdb.stan', line 61, column 4 to column 63) (in '/tmp/RtmpKrCgF2/model-4ff12dbaccdb.stan', line 186, column 4 to line 191, column 32)
Chain 4 If this warning occurs sporadically, such as for highly constrained variable types like covariance matrices, then the sampler is fine,
Chain 4 but if this warning occurs often then your model may be either severely ill-conditioned or misspecified.
Chain 4 
Chain 1 Informational Message: The current Metropolis proposal is about to be rejected because of the following issue:
Chain 1 Exception: Exception: gamma_lpdf: Shape parameter is 0, but must be positive finite! (in '/tmp/RtmpKrCgF2/model-4ff12dbaccdb.stan', line 61, column 4 to column 63) (in '/tmp/RtmpKrCgF2/model-4ff12dbaccdb.stan', line 186, column 4 to line 191, column 32)
Chain 1 If this warning occurs sporadically, such as for highly constrained variable types like covariance matrices, then the sampler is fine,
Chain 1 but if this warning occurs often then your model may be either severely ill-conditioned or misspecified.
Chain 1 
Chain 2 Informational Message: The current Metropolis proposal is about to be rejected because of the following issue:
Chain 2 Exception: Exception: gamma_lpdf: Shape parameter is 0, but must be positive finite! (in '/tmp/RtmpKrCgF2/model-4ff12dbaccdb.stan', line 61, column 4 to column 63) (in '/tmp/RtmpKrCgF2/model-4ff12dbaccdb.stan', line 186, column 4 to line 191, column 32)
Chain 2 If this warning occurs sporadically, such as for highly constrained variable types like covariance matrices, then the sampler is fine,
Chain 2 but if this warning occurs often then your model may be either severely ill-conditioned or misspecified.
Chain 2 
Chain 3 Informational Message: The current Metropolis proposal is about to be rejected because of the following issue:
Chain 3 Exception: Exception: gamma_lpdf: Shape parameter is 0, but must be positive finite! (in '/tmp/RtmpKrCgF2/model-4ff12dbaccdb.stan', line 61, column 4 to column 63) (in '/tmp/RtmpKrCgF2/model-4ff12dbaccdb.stan', line 186, column 4 to line 191, column 32)
Chain 3 If this warning occurs sporadically, such as for highly constrained variable types like covariance matrices, then the sampler is fine,
Chain 3 but if this warning occurs often then your model may be either severely ill-conditioned or misspecified.
Chain 3 
Chain 4 Informational Message: The current Metropolis proposal is about to be rejected because of the following issue:
Chain 4 Exception: Exception: gamma_lpdf: Shape parameter is 0, but must be positive finite! (in '/tmp/RtmpKrCgF2/model-4ff12dbaccdb.stan', line 61, column 4 to column 63) (in '/tmp/RtmpKrCgF2/model-4ff12dbaccdb.stan', line 186, column 4 to line 191, column 32)
Chain 4 If this warning occurs sporadically, such as for highly constrained variable types like covariance matrices, then the sampler is fine,
Chain 4 but if this warning occurs often then your model may be either severely ill-conditioned or misspecified.
Chain 4 
Chain 1 Informational Message: The current Metropolis proposal is about to be rejected because of the following issue:
Chain 1 Exception: Exception: gamma_lpdf: Shape parameter is 0, but must be positive finite! (in '/tmp/RtmpKrCgF2/model-4ff12dbaccdb.stan', line 61, column 4 to column 63) (in '/tmp/RtmpKrCgF2/model-4ff12dbaccdb.stan', line 186, column 4 to line 191, column 32)
Chain 1 If this warning occurs sporadically, such as for highly constrained variable types like covariance matrices, then the sampler is fine,
Chain 1 but if this warning occurs often then your model may be either severely ill-conditioned or misspecified.
Chain 1 
Chain 2 Informational Message: The current Metropolis proposal is about to be rejected because of the following issue:
Chain 2 Exception: Exception: gamma_lpdf: Shape parameter is 0, but must be positive finite! (in '/tmp/RtmpKrCgF2/model-4ff12dbaccdb.stan', line 61, column 4 to column 63) (in '/tmp/RtmpKrCgF2/model-4ff12dbaccdb.stan', line 186, column 4 to line 191, column 32)
Chain 2 If this warning occurs sporadically, such as for highly constrained variable types like covariance matrices, then the sampler is fine,
Chain 2 but if this warning occurs often then your model may be either severely ill-conditioned or misspecified.
Chain 2 
Chain 3 Informational Message: The current Metropolis proposal is about to be rejected because of the following issue:
Chain 3 Exception: Exception: gamma_lpdf: Shape parameter is 0, but must be positive finite! (in '/tmp/RtmpKrCgF2/model-4ff12dbaccdb.stan', line 61, column 4 to column 63) (in '/tmp/RtmpKrCgF2/model-4ff12dbaccdb.stan', line 186, column 4 to line 191, column 32)
Chain 3 If this warning occurs sporadically, such as for highly constrained variable types like covariance matrices, then the sampler is fine,
Chain 3 but if this warning occurs often then your model may be either severely ill-conditioned or misspecified.
Chain 3 
Chain 4 Informational Message: The current Metropolis proposal is about to be rejected because of the following issue:
Chain 4 Exception: Exception: gamma_lpdf: Shape parameter is 0, but must be positive finite! (in '/tmp/RtmpKrCgF2/model-4ff12dbaccdb.stan', line 61, column 4 to column 63) (in '/tmp/RtmpKrCgF2/model-4ff12dbaccdb.stan', line 186, column 4 to line 191, column 32)
Chain 4 If this warning occurs sporadically, such as for highly constrained variable types like covariance matrices, then the sampler is fine,
Chain 4 but if this warning occurs often then your model may be either severely ill-conditioned or misspecified.
Chain 4 
Chain 4 Informational Message: The current Metropolis proposal is about to be rejected because of the following issue:
Chain 4 Exception: Exception: gamma_lpdf: Shape parameter is 0, but must be positive finite! (in '/tmp/RtmpKrCgF2/model-4ff12dbaccdb.stan', line 61, column 4 to column 63) (in '/tmp/RtmpKrCgF2/model-4ff12dbaccdb.stan', line 186, column 4 to line 191, column 32)
Chain 4 If this warning occurs sporadically, such as for highly constrained variable types like covariance matrices, then the sampler is fine,
Chain 4 but if this warning occurs often then your model may be either severely ill-conditioned or misspecified.
Chain 4 
Chain 1 Informational Message: The current Metropolis proposal is about to be rejected because of the following issue:
Chain 1 Exception: Exception: gamma_lpdf: Shape parameter is 0, but must be positive finite! (in '/tmp/RtmpKrCgF2/model-4ff12dbaccdb.stan', line 61, column 4 to column 63) (in '/tmp/RtmpKrCgF2/model-4ff12dbaccdb.stan', line 186, column 4 to line 191, column 32)
Chain 1 If this warning occurs sporadically, such as for highly constrained variable types like covariance matrices, then the sampler is fine,
Chain 1 but if this warning occurs often then your model may be either severely ill-conditioned or misspecified.
Chain 1 
Chain 2 Informational Message: The current Metropolis proposal is about to be rejected because of the following issue:
Chain 2 Exception: Exception: gamma_lpdf: Shape parameter is 0, but must be positive finite! (in '/tmp/RtmpKrCgF2/model-4ff12dbaccdb.stan', line 61, column 4 to column 63) (in '/tmp/RtmpKrCgF2/model-4ff12dbaccdb.stan', line 186, column 4 to line 191, column 32)
Chain 2 If this warning occurs sporadically, such as for highly constrained variable types like covariance matrices, then the sampler is fine,
Chain 2 but if this warning occurs often then your model may be either severely ill-conditioned or misspecified.
Chain 2 
Chain 3 Informational Message: The current Metropolis proposal is about to be rejected because of the following issue:
Chain 3 Exception: Exception: gamma_lpdf: Shape parameter is 0, but must be positive finite! (in '/tmp/RtmpKrCgF2/model-4ff12dbaccdb.stan', line 61, column 4 to column 63) (in '/tmp/RtmpKrCgF2/model-4ff12dbaccdb.stan', line 186, column 4 to line 191, column 32)
Chain 3 If this warning occurs sporadically, such as for highly constrained variable types like covariance matrices, then the sampler is fine,
Chain 3 but if this warning occurs often then your model may be either severely ill-conditioned or misspecified.
Chain 3 
Chain 4 Informational Message: The current Metropolis proposal is about to be rejected because of the following issue:
Chain 4 Exception: Exception: gamma_lpdf: Shape parameter is 0, but must be positive finite! (in '/tmp/RtmpKrCgF2/model-4ff12dbaccdb.stan', line 61, column 4 to column 63) (in '/tmp/RtmpKrCgF2/model-4ff12dbaccdb.stan', line 186, column 4 to line 191, column 32)
Chain 4 If this warning occurs sporadically, such as for highly constrained variable types like covariance matrices, then the sampler is fine,
Chain 4 but if this warning occurs often then your model may be either severely ill-conditioned or misspecified.
Chain 4 
Chain 2 Informational Message: The current Metropolis proposal is about to be rejected because of the following issue:
Chain 2 Exception: Exception: gamma_lpdf: Shape parameter is 0, but must be positive finite! (in '/tmp/RtmpKrCgF2/model-4ff12dbaccdb.stan', line 61, column 4 to column 63) (in '/tmp/RtmpKrCgF2/model-4ff12dbaccdb.stan', line 186, column 4 to line 191, column 32)
Chain 2 If this warning occurs sporadically, such as for highly constrained variable types like covariance matrices, then the sampler is fine,
Chain 2 but if this warning occurs often then your model may be either severely ill-conditioned or misspecified.
Chain 2 
Chain 3 Informational Message: The current Metropolis proposal is about to be rejected because of the following issue:
Chain 3 Exception: Exception: gamma_lpdf: Shape parameter is 0, but must be positive finite! (in '/tmp/RtmpKrCgF2/model-4ff12dbaccdb.stan', line 61, column 4 to column 63) (in '/tmp/RtmpKrCgF2/model-4ff12dbaccdb.stan', line 186, column 4 to line 191, column 32)
Chain 3 If this warning occurs sporadically, such as for highly constrained variable types like covariance matrices, then the sampler is fine,
Chain 3 but if this warning occurs often then your model may be either severely ill-conditioned or misspecified.
Chain 3 
Chain 1 Informational Message: The current Metropolis proposal is about to be rejected because of the following issue:
Chain 1 Exception: Exception: gamma_lpdf: Shape parameter is 0, but must be positive finite! (in '/tmp/RtmpKrCgF2/model-4ff12dbaccdb.stan', line 61, column 4 to column 63) (in '/tmp/RtmpKrCgF2/model-4ff12dbaccdb.stan', line 186, column 4 to line 191, column 32)
Chain 1 If this warning occurs sporadically, such as for highly constrained variable types like covariance matrices, then the sampler is fine,
Chain 1 but if this warning occurs often then your model may be either severely ill-conditioned or misspecified.
Chain 1 
Chain 4 Informational Message: The current Metropolis proposal is about to be rejected because of the following issue:
Chain 4 Exception: Exception: gamma_lpdf: Shape parameter is 0, but must be positive finite! (in '/tmp/RtmpKrCgF2/model-4ff12dbaccdb.stan', line 61, column 4 to column 63) (in '/tmp/RtmpKrCgF2/model-4ff12dbaccdb.stan', line 186, column 4 to line 191, column 32)
Chain 4 If this warning occurs sporadically, such as for highly constrained variable types like covariance matrices, then the sampler is fine,
Chain 4 but if this warning occurs often then your model may be either severely ill-conditioned or misspecified.
Chain 4 
Chain 2 Informational Message: The current Metropolis proposal is about to be rejected because of the following issue:
Chain 2 Exception: Exception: gamma_lpdf: Shape parameter is 0, but must be positive finite! (in '/tmp/RtmpKrCgF2/model-4ff12dbaccdb.stan', line 61, column 4 to column 63) (in '/tmp/RtmpKrCgF2/model-4ff12dbaccdb.stan', line 186, column 4 to line 191, column 32)
Chain 2 If this warning occurs sporadically, such as for highly constrained variable types like covariance matrices, then the sampler is fine,
Chain 2 but if this warning occurs often then your model may be either severely ill-conditioned or misspecified.
Chain 2 
Chain 3 Informational Message: The current Metropolis proposal is about to be rejected because of the following issue:
Chain 3 Exception: Exception: gamma_lpdf: Shape parameter is 0, but must be positive finite! (in '/tmp/RtmpKrCgF2/model-4ff12dbaccdb.stan', line 61, column 4 to column 63) (in '/tmp/RtmpKrCgF2/model-4ff12dbaccdb.stan', line 186, column 4 to line 191, column 32)
Chain 3 If this warning occurs sporadically, such as for highly constrained variable types like covariance matrices, then the sampler is fine,
Chain 3 but if this warning occurs often then your model may be either severely ill-conditioned or misspecified.
Chain 3 
Chain 1 Informational Message: The current Metropolis proposal is about to be rejected because of the following issue:
Chain 1 Exception: Exception: gamma_lpdf: Shape parameter is 0, but must be positive finite! (in '/tmp/RtmpKrCgF2/model-4ff12dbaccdb.stan', line 61, column 4 to column 63) (in '/tmp/RtmpKrCgF2/model-4ff12dbaccdb.stan', line 186, column 4 to line 191, column 32)
Chain 1 If this warning occurs sporadically, such as for highly constrained variable types like covariance matrices, then the sampler is fine,
Chain 1 but if this warning occurs often then your model may be either severely ill-conditioned or misspecified.
Chain 1 
Chain 4 Informational Message: The current Metropolis proposal is about to be rejected because of the following issue:
Chain 4 Exception: Exception: gamma_lpdf: Shape parameter is 0, but must be positive finite! (in '/tmp/RtmpKrCgF2/model-4ff12dbaccdb.stan', line 61, column 4 to column 63) (in '/tmp/RtmpKrCgF2/model-4ff12dbaccdb.stan', line 186, column 4 to line 191, column 32)
Chain 4 If this warning occurs sporadically, such as for highly constrained variable types like covariance matrices, then the sampler is fine,
Chain 4 but if this warning occurs often then your model may be either severely ill-conditioned or misspecified.
Chain 4 
Chain 2 Informational Message: The current Metropolis proposal is about to be rejected because of the following issue:
Chain 2 Exception: Exception: gamma_lpdf: Shape parameter is 0, but must be positive finite! (in '/tmp/RtmpKrCgF2/model-4ff12dbaccdb.stan', line 61, column 4 to column 63) (in '/tmp/RtmpKrCgF2/model-4ff12dbaccdb.stan', line 186, column 4 to line 191, column 32)
Chain 2 If this warning occurs sporadically, such as for highly constrained variable types like covariance matrices, then the sampler is fine,
Chain 2 but if this warning occurs often then your model may be either severely ill-conditioned or misspecified.
Chain 2 
Chain 3 Informational Message: The current Metropolis proposal is about to be rejected because of the following issue:
Chain 3 Exception: Exception: gamma_lpdf: Shape parameter is 0, but must be positive finite! (in '/tmp/RtmpKrCgF2/model-4ff12dbaccdb.stan', line 61, column 4 to column 63) (in '/tmp/RtmpKrCgF2/model-4ff12dbaccdb.stan', line 186, column 4 to line 191, column 32)
Chain 3 If this warning occurs sporadically, such as for highly constrained variable types like covariance matrices, then the sampler is fine,
Chain 3 but if this warning occurs often then your model may be either severely ill-conditioned or misspecified.
Chain 3 
Chain 1 Informational Message: The current Metropolis proposal is about to be rejected because of the following issue:
Chain 1 Exception: Exception: gamma_lpdf: Shape parameter is 0, but must be positive finite! (in '/tmp/RtmpKrCgF2/model-4ff12dbaccdb.stan', line 61, column 4 to column 63) (in '/tmp/RtmpKrCgF2/model-4ff12dbaccdb.stan', line 186, column 4 to line 191, column 32)
Chain 1 If this warning occurs sporadically, such as for highly constrained variable types like covariance matrices, then the sampler is fine,
Chain 1 but if this warning occurs often then your model may be either severely ill-conditioned or misspecified.
Chain 1 
Chain 4 Informational Message: The current Metropolis proposal is about to be rejected because of the following issue:
Chain 4 Exception: Exception: gamma_lpdf: Shape parameter is 0, but must be positive finite! (in '/tmp/RtmpKrCgF2/model-4ff12dbaccdb.stan', line 61, column 4 to column 63) (in '/tmp/RtmpKrCgF2/model-4ff12dbaccdb.stan', line 186, column 4 to line 191, column 32)
Chain 4 If this warning occurs sporadically, such as for highly constrained variable types like covariance matrices, then the sampler is fine,
Chain 4 but if this warning occurs often then your model may be either severely ill-conditioned or misspecified.
Chain 4 
Chain 2 Informational Message: The current Metropolis proposal is about to be rejected because of the following issue:
Chain 2 Exception: Exception: gamma_lpdf: Shape parameter is 0, but must be positive finite! (in '/tmp/RtmpKrCgF2/model-4ff12dbaccdb.stan', line 61, column 4 to column 63) (in '/tmp/RtmpKrCgF2/model-4ff12dbaccdb.stan', line 186, column 4 to line 191, column 32)
Chain 2 If this warning occurs sporadically, such as for highly constrained variable types like covariance matrices, then the sampler is fine,
Chain 2 but if this warning occurs often then your model may be either severely ill-conditioned or misspecified.
Chain 2 
Chain 3 Informational Message: The current Metropolis proposal is about to be rejected because of the following issue:
Chain 3 Exception: Exception: gamma_lpdf: Inverse scale parameter[1] is inf, but must be positive finite! (in '/tmp/RtmpKrCgF2/model-4ff12dbaccdb.stan', line 61, column 4 to column 63) (in '/tmp/RtmpKrCgF2/model-4ff12dbaccdb.stan', line 186, column 4 to line 191, column 32)
Chain 3 If this warning occurs sporadically, such as for highly constrained variable types like covariance matrices, then the sampler is fine,
Chain 3 but if this warning occurs often then your model may be either severely ill-conditioned or misspecified.
Chain 3 
Chain 1 Informational Message: The current Metropolis proposal is about to be rejected because of the following issue:
Chain 1 Exception: Exception: gamma_lpdf: Shape parameter is 0, but must be positive finite! (in '/tmp/RtmpKrCgF2/model-4ff12dbaccdb.stan', line 61, column 4 to column 63) (in '/tmp/RtmpKrCgF2/model-4ff12dbaccdb.stan', line 186, column 4 to line 191, column 32)
Chain 1 If this warning occurs sporadically, such as for highly constrained variable types like covariance matrices, then the sampler is fine,
Chain 1 but if this warning occurs often then your model may be either severely ill-conditioned or misspecified.
Chain 1 
Chain 4 Informational Message: The current Metropolis proposal is about to be rejected because of the following issue:
Chain 4 Exception: Exception: gamma_lpdf: Shape parameter is 0, but must be positive finite! (in '/tmp/RtmpKrCgF2/model-4ff12dbaccdb.stan', line 61, column 4 to column 63) (in '/tmp/RtmpKrCgF2/model-4ff12dbaccdb.stan', line 186, column 4 to line 191, column 32)
Chain 4 If this warning occurs sporadically, such as for highly constrained variable types like covariance matrices, then the sampler is fine,
Chain 4 but if this warning occurs often then your model may be either severely ill-conditioned or misspecified.
Chain 4 
Chain 2 Informational Message: The current Metropolis proposal is about to be rejected because of the following issue:
Chain 2 Exception: Exception: gamma_lpdf: Shape parameter is 0, but must be positive finite! (in '/tmp/RtmpKrCgF2/model-4ff12dbaccdb.stan', line 61, column 4 to column 63) (in '/tmp/RtmpKrCgF2/model-4ff12dbaccdb.stan', line 186, column 4 to line 191, column 32)
Chain 2 If this warning occurs sporadically, such as for highly constrained variable types like covariance matrices, then the sampler is fine,
Chain 2 but if this warning occurs often then your model may be either severely ill-conditioned or misspecified.
Chain 2 
Chain 3 Informational Message: The current Metropolis proposal is about to be rejected because of the following issue:
Chain 3 Exception: Exception: gamma_lpdf: Inverse scale parameter[1] is inf, but must be positive finite! (in '/tmp/RtmpKrCgF2/model-4ff12dbaccdb.stan', line 61, column 4 to column 63) (in '/tmp/RtmpKrCgF2/model-4ff12dbaccdb.stan', line 186, column 4 to line 191, column 32)
Chain 3 If this warning occurs sporadically, such as for highly constrained variable types like covariance matrices, then the sampler is fine,
Chain 3 but if this warning occurs often then your model may be either severely ill-conditioned or misspecified.
Chain 3 
Chain 1 Informational Message: The current Metropolis proposal is about to be rejected because of the following issue:
Chain 1 Exception: Exception: gamma_lpdf: Shape parameter is 0, but must be positive finite! (in '/tmp/RtmpKrCgF2/model-4ff12dbaccdb.stan', line 61, column 4 to column 63) (in '/tmp/RtmpKrCgF2/model-4ff12dbaccdb.stan', line 186, column 4 to line 191, column 32)
Chain 1 If this warning occurs sporadically, such as for highly constrained variable types like covariance matrices, then the sampler is fine,
Chain 1 but if this warning occurs often then your model may be either severely ill-conditioned or misspecified.
Chain 1 
Chain 4 Informational Message: The current Metropolis proposal is about to be rejected because of the following issue:
Chain 4 Exception: Exception: gamma_lpdf: Shape parameter is 0, but must be positive finite! (in '/tmp/RtmpKrCgF2/model-4ff12dbaccdb.stan', line 61, column 4 to column 63) (in '/tmp/RtmpKrCgF2/model-4ff12dbaccdb.stan', line 186, column 4 to line 191, column 32)
Chain 4 If this warning occurs sporadically, such as for highly constrained variable types like covariance matrices, then the sampler is fine,
Chain 4 but if this warning occurs often then your model may be either severely ill-conditioned or misspecified.
Chain 4 
Chain 2 Informational Message: The current Metropolis proposal is about to be rejected because of the following issue:
Chain 2 Exception: Exception: gamma_lpdf: Shape parameter is 0, but must be positive finite! (in '/tmp/RtmpKrCgF2/model-4ff12dbaccdb.stan', line 61, column 4 to column 63) (in '/tmp/RtmpKrCgF2/model-4ff12dbaccdb.stan', line 186, column 4 to line 191, column 32)
Chain 2 If this warning occurs sporadically, such as for highly constrained variable types like covariance matrices, then the sampler is fine,
Chain 2 but if this warning occurs often then your model may be either severely ill-conditioned or misspecified.
Chain 2 
Chain 3 Informational Message: The current Metropolis proposal is about to be rejected because of the following issue:
Chain 3 Exception: Exception: gamma_lpdf: Inverse scale parameter[1] is inf, but must be positive finite! (in '/tmp/RtmpKrCgF2/model-4ff12dbaccdb.stan', line 61, column 4 to column 63) (in '/tmp/RtmpKrCgF2/model-4ff12dbaccdb.stan', line 186, column 4 to line 191, column 32)
Chain 3 If this warning occurs sporadically, such as for highly constrained variable types like covariance matrices, then the sampler is fine,
Chain 3 but if this warning occurs often then your model may be either severely ill-conditioned or misspecified.
Chain 3 
Chain 1 Informational Message: The current Metropolis proposal is about to be rejected because of the following issue:
Chain 1 Exception: Exception: gamma_lpdf: Shape parameter is 0, but must be positive finite! (in '/tmp/RtmpKrCgF2/model-4ff12dbaccdb.stan', line 61, column 4 to column 63) (in '/tmp/RtmpKrCgF2/model-4ff12dbaccdb.stan', line 186, column 4 to line 191, column 32)
Chain 1 If this warning occurs sporadically, such as for highly constrained variable types like covariance matrices, then the sampler is fine,
Chain 1 but if this warning occurs often then your model may be either severely ill-conditioned or misspecified.
Chain 1 
Chain 4 Informational Message: The current Metropolis proposal is about to be rejected because of the following issue:
Chain 4 Exception: Exception: gamma_lpdf: Shape parameter is 0, but must be positive finite! (in '/tmp/RtmpKrCgF2/model-4ff12dbaccdb.stan', line 61, column 4 to column 63) (in '/tmp/RtmpKrCgF2/model-4ff12dbaccdb.stan', line 186, column 4 to line 191, column 32)
Chain 4 If this warning occurs sporadically, such as for highly constrained variable types like covariance matrices, then the sampler is fine,
Chain 4 but if this warning occurs often then your model may be either severely ill-conditioned or misspecified.
Chain 4 
Chain 2 Informational Message: The current Metropolis proposal is about to be rejected because of the following issue:
Chain 2 Exception: Exception: gamma_lpdf: Shape parameter is 0, but must be positive finite! (in '/tmp/RtmpKrCgF2/model-4ff12dbaccdb.stan', line 61, column 4 to column 63) (in '/tmp/RtmpKrCgF2/model-4ff12dbaccdb.stan', line 186, column 4 to line 191, column 32)
Chain 2 If this warning occurs sporadically, such as for highly constrained variable types like covariance matrices, then the sampler is fine,
Chain 2 but if this warning occurs often then your model may be either severely ill-conditioned or misspecified.
Chain 2 
Chain 1 Informational Message: The current Metropolis proposal is about to be rejected because of the following issue:
Chain 1 Exception: Exception: gamma_lpdf: Shape parameter is 0, but must be positive finite! (in '/tmp/RtmpKrCgF2/model-4ff12dbaccdb.stan', line 61, column 4 to column 63) (in '/tmp/RtmpKrCgF2/model-4ff12dbaccdb.stan', line 186, column 4 to line 191, column 32)
Chain 1 If this warning occurs sporadically, such as for highly constrained variable types like covariance matrices, then the sampler is fine,
Chain 1 but if this warning occurs often then your model may be either severely ill-conditioned or misspecified.
Chain 1 
Chain 4 Informational Message: The current Metropolis proposal is about to be rejected because of the following issue:
Chain 4 Exception: Exception: gamma_lpdf: Shape parameter is 0, but must be positive finite! (in '/tmp/RtmpKrCgF2/model-4ff12dbaccdb.stan', line 61, column 4 to column 63) (in '/tmp/RtmpKrCgF2/model-4ff12dbaccdb.stan', line 186, column 4 to line 191, column 32)
Chain 4 If this warning occurs sporadically, such as for highly constrained variable types like covariance matrices, then the sampler is fine,
Chain 4 but if this warning occurs often then your model may be either severely ill-conditioned or misspecified.
Chain 4 
Chain 2 Informational Message: The current Metropolis proposal is about to be rejected because of the following issue:
Chain 2 Exception: Exception: gamma_lpdf: Shape parameter is 0, but must be positive finite! (in '/tmp/RtmpKrCgF2/model-4ff12dbaccdb.stan', line 61, column 4 to column 63) (in '/tmp/RtmpKrCgF2/model-4ff12dbaccdb.stan', line 186, column 4 to line 191, column 32)
Chain 2 If this warning occurs sporadically, such as for highly constrained variable types like covariance matrices, then the sampler is fine,
Chain 2 but if this warning occurs often then your model may be either severely ill-conditioned or misspecified.
Chain 2 
Chain 1 Informational Message: The current Metropolis proposal is about to be rejected because of the following issue:
Chain 1 Exception: Exception: gamma_lpdf: Shape parameter is 0, but must be positive finite! (in '/tmp/RtmpKrCgF2/model-4ff12dbaccdb.stan', line 61, column 4 to column 63) (in '/tmp/RtmpKrCgF2/model-4ff12dbaccdb.stan', line 186, column 4 to line 191, column 32)
Chain 1 If this warning occurs sporadically, such as for highly constrained variable types like covariance matrices, then the sampler is fine,
Chain 1 but if this warning occurs often then your model may be either severely ill-conditioned or misspecified.
Chain 1 
Chain 4 Informational Message: The current Metropolis proposal is about to be rejected because of the following issue:
Chain 4 Exception: Exception: gamma_lpdf: Shape parameter is 0, but must be positive finite! (in '/tmp/RtmpKrCgF2/model-4ff12dbaccdb.stan', line 61, column 4 to column 63) (in '/tmp/RtmpKrCgF2/model-4ff12dbaccdb.stan', line 186, column 4 to line 191, column 32)
Chain 4 If this warning occurs sporadically, such as for highly constrained variable types like covariance matrices, then the sampler is fine,
Chain 4 but if this warning occurs often then your model may be either severely ill-conditioned or misspecified.
Chain 4 
Chain 2 Informational Message: The current Metropolis proposal is about to be rejected because of the following issue:
Chain 2 Exception: Exception: gamma_lpdf: Shape parameter is 0, but must be positive finite! (in '/tmp/RtmpKrCgF2/model-4ff12dbaccdb.stan', line 61, column 4 to column 63) (in '/tmp/RtmpKrCgF2/model-4ff12dbaccdb.stan', line 186, column 4 to line 191, column 32)
Chain 2 If this warning occurs sporadically, such as for highly constrained variable types like covariance matrices, then the sampler is fine,
Chain 2 but if this warning occurs often then your model may be either severely ill-conditioned or misspecified.
Chain 2 
Chain 1 Informational Message: The current Metropolis proposal is about to be rejected because of the following issue:
Chain 1 Exception: Exception: gamma_lpdf: Shape parameter is 0, but must be positive finite! (in '/tmp/RtmpKrCgF2/model-4ff12dbaccdb.stan', line 61, column 4 to column 63) (in '/tmp/RtmpKrCgF2/model-4ff12dbaccdb.stan', line 186, column 4 to line 191, column 32)
Chain 1 If this warning occurs sporadically, such as for highly constrained variable types like covariance matrices, then the sampler is fine,
Chain 1 but if this warning occurs often then your model may be either severely ill-conditioned or misspecified.
Chain 1 
Chain 4 Informational Message: The current Metropolis proposal is about to be rejected because of the following issue:
Chain 4 Exception: Exception: gamma_lpdf: Shape parameter is 0, but must be positive finite! (in '/tmp/RtmpKrCgF2/model-4ff12dbaccdb.stan', line 61, column 4 to column 63) (in '/tmp/RtmpKrCgF2/model-4ff12dbaccdb.stan', line 186, column 4 to line 191, column 32)
Chain 4 If this warning occurs sporadically, such as for highly constrained variable types like covariance matrices, then the sampler is fine,
Chain 4 but if this warning occurs often then your model may be either severely ill-conditioned or misspecified.
Chain 4 
Chain 2 Informational Message: The current Metropolis proposal is about to be rejected because of the following issue:
Chain 2 Exception: Exception: gamma_lpdf: Shape parameter is 0, but must be positive finite! (in '/tmp/RtmpKrCgF2/model-4ff12dbaccdb.stan', line 61, column 4 to column 63) (in '/tmp/RtmpKrCgF2/model-4ff12dbaccdb.stan', line 186, column 4 to line 191, column 32)
Chain 2 If this warning occurs sporadically, such as for highly constrained variable types like covariance matrices, then the sampler is fine,
Chain 2 but if this warning occurs often then your model may be either severely ill-conditioned or misspecified.
Chain 2 
Chain 1 Informational Message: The current Metropolis proposal is about to be rejected because of the following issue:
Chain 1 Exception: Exception: gamma_lpdf: Shape parameter is 0, but must be positive finite! (in '/tmp/RtmpKrCgF2/model-4ff12dbaccdb.stan', line 61, column 4 to column 63) (in '/tmp/RtmpKrCgF2/model-4ff12dbaccdb.stan', line 186, column 4 to line 191, column 32)
Chain 1 If this warning occurs sporadically, such as for highly constrained variable types like covariance matrices, then the sampler is fine,
Chain 1 but if this warning occurs often then your model may be either severely ill-conditioned or misspecified.
Chain 1 
Chain 4 Informational Message: The current Metropolis proposal is about to be rejected because of the following issue:
Chain 4 Exception: Exception: gamma_lpdf: Inverse scale parameter[1] is -nan, but must be positive finite! (in '/tmp/RtmpKrCgF2/model-4ff12dbaccdb.stan', line 61, column 4 to column 63) (in '/tmp/RtmpKrCgF2/model-4ff12dbaccdb.stan', line 186, column 4 to line 191, column 32)
Chain 4 If this warning occurs sporadically, such as for highly constrained variable types like covariance matrices, then the sampler is fine,
Chain 4 but if this warning occurs often then your model may be either severely ill-conditioned or misspecified.
Chain 4 
Chain 2 Informational Message: The current Metropolis proposal is about to be rejected because of the following issue:
Chain 2 Exception: Exception: gamma_lpdf: Shape parameter is 0, but must be positive finite! (in '/tmp/RtmpKrCgF2/model-4ff12dbaccdb.stan', line 61, column 4 to column 63) (in '/tmp/RtmpKrCgF2/model-4ff12dbaccdb.stan', line 186, column 4 to line 191, column 32)
Chain 2 If this warning occurs sporadically, such as for highly constrained variable types like covariance matrices, then the sampler is fine,
Chain 2 but if this warning occurs often then your model may be either severely ill-conditioned or misspecified.
Chain 2 
Chain 1 Informational Message: The current Metropolis proposal is about to be rejected because of the following issue:
Chain 1 Exception: Exception: gamma_lpdf: Shape parameter is 0, but must be positive finite! (in '/tmp/RtmpKrCgF2/model-4ff12dbaccdb.stan', line 61, column 4 to column 63) (in '/tmp/RtmpKrCgF2/model-4ff12dbaccdb.stan', line 186, column 4 to line 191, column 32)
Chain 1 If this warning occurs sporadically, such as for highly constrained variable types like covariance matrices, then the sampler is fine,
Chain 1 but if this warning occurs often then your model may be either severely ill-conditioned or misspecified.
Chain 1 
Chain 4 Informational Message: The current Metropolis proposal is about to be rejected because of the following issue:
Chain 4 Exception: Exception: gamma_lpdf: Inverse scale parameter[1] is 0, but must be positive finite! (in '/tmp/RtmpKrCgF2/model-4ff12dbaccdb.stan', line 61, column 4 to column 63) (in '/tmp/RtmpKrCgF2/model-4ff12dbaccdb.stan', line 186, column 4 to line 191, column 32)
Chain 4 If this warning occurs sporadically, such as for highly constrained variable types like covariance matrices, then the sampler is fine,
Chain 4 but if this warning occurs often then your model may be either severely ill-conditioned or misspecified.
Chain 4 
Chain 2 Informational Message: The current Metropolis proposal is about to be rejected because of the following issue:
Chain 2 Exception: Exception: gamma_lpdf: Inverse scale parameter[1] is inf, but must be positive finite! (in '/tmp/RtmpKrCgF2/model-4ff12dbaccdb.stan', line 61, column 4 to column 63) (in '/tmp/RtmpKrCgF2/model-4ff12dbaccdb.stan', line 186, column 4 to line 191, column 32)
Chain 2 If this warning occurs sporadically, such as for highly constrained variable types like covariance matrices, then the sampler is fine,
Chain 2 but if this warning occurs often then your model may be either severely ill-conditioned or misspecified.
Chain 2 
Chain 1 Informational Message: The current Metropolis proposal is about to be rejected because of the following issue:
Chain 1 Exception: Exception: gamma_lpdf: Shape parameter is 0, but must be positive finite! (in '/tmp/RtmpKrCgF2/model-4ff12dbaccdb.stan', line 61, column 4 to column 63) (in '/tmp/RtmpKrCgF2/model-4ff12dbaccdb.stan', line 186, column 4 to line 191, column 32)
Chain 1 If this warning occurs sporadically, such as for highly constrained variable types like covariance matrices, then the sampler is fine,
Chain 1 but if this warning occurs often then your model may be either severely ill-conditioned or misspecified.
Chain 1 
Chain 4 Informational Message: The current Metropolis proposal is about to be rejected because of the following issue:
Chain 4 Exception: Exception: gamma_lpdf: Inverse scale parameter[1] is 0, but must be positive finite! (in '/tmp/RtmpKrCgF2/model-4ff12dbaccdb.stan', line 61, column 4 to column 63) (in '/tmp/RtmpKrCgF2/model-4ff12dbaccdb.stan', line 186, column 4 to line 191, column 32)
Chain 4 If this warning occurs sporadically, such as for highly constrained variable types like covariance matrices, then the sampler is fine,
Chain 4 but if this warning occurs often then your model may be either severely ill-conditioned or misspecified.
Chain 4 
Chain 1 Informational Message: The current Metropolis proposal is about to be rejected because of the following issue:
Chain 1 Exception: Exception: gamma_lpdf: Shape parameter is 0, but must be positive finite! (in '/tmp/RtmpKrCgF2/model-4ff12dbaccdb.stan', line 61, column 4 to column 63) (in '/tmp/RtmpKrCgF2/model-4ff12dbaccdb.stan', line 186, column 4 to line 191, column 32)
Chain 1 If this warning occurs sporadically, such as for highly constrained variable types like covariance matrices, then the sampler is fine,
Chain 1 but if this warning occurs often then your model may be either severely ill-conditioned or misspecified.
Chain 1 
Chain 2 Informational Message: The current Metropolis proposal is about to be rejected because of the following issue:
Chain 2 Exception: Exception: gamma_lpdf: Inverse scale parameter[1] is inf, but must be positive finite! (in '/tmp/RtmpKrCgF2/model-4ff12dbaccdb.stan', line 61, column 4 to column 63) (in '/tmp/RtmpKrCgF2/model-4ff12dbaccdb.stan', line 186, column 4 to line 191, column 32)
Chain 2 If this warning occurs sporadically, such as for highly constrained variable types like covariance matrices, then the sampler is fine,
Chain 2 but if this warning occurs often then your model may be either severely ill-conditioned or misspecified.
Chain 2 
Chain 4 Informational Message: The current Metropolis proposal is about to be rejected because of the following issue:
Chain 4 Exception: Exception: gamma_lpdf: Inverse scale parameter[1] is 0, but must be positive finite! (in '/tmp/RtmpKrCgF2/model-4ff12dbaccdb.stan', line 61, column 4 to column 63) (in '/tmp/RtmpKrCgF2/model-4ff12dbaccdb.stan', line 186, column 4 to line 191, column 32)
Chain 4 If this warning occurs sporadically, such as for highly constrained variable types like covariance matrices, then the sampler is fine,
Chain 4 but if this warning occurs often then your model may be either severely ill-conditioned or misspecified.
Chain 4 
Chain 1 Informational Message: The current Metropolis proposal is about to be rejected because of the following issue:
Chain 1 Exception: Exception: gamma_lpdf: Shape parameter is 0, but must be positive finite! (in '/tmp/RtmpKrCgF2/model-4ff12dbaccdb.stan', line 61, column 4 to column 63) (in '/tmp/RtmpKrCgF2/model-4ff12dbaccdb.stan', line 186, column 4 to line 191, column 32)
Chain 1 If this warning occurs sporadically, such as for highly constrained variable types like covariance matrices, then the sampler is fine,
Chain 1 but if this warning occurs often then your model may be either severely ill-conditioned or misspecified.
Chain 1 
Chain 2 Informational Message: The current Metropolis proposal is about to be rejected because of the following issue:
Chain 2 Exception: Exception: gamma_lpdf: Inverse scale parameter[2] is inf, but must be positive finite! (in '/tmp/RtmpKrCgF2/model-4ff12dbaccdb.stan', line 61, column 4 to column 63) (in '/tmp/RtmpKrCgF2/model-4ff12dbaccdb.stan', line 186, column 4 to line 191, column 32)
Chain 2 If this warning occurs sporadically, such as for highly constrained variable types like covariance matrices, then the sampler is fine,
Chain 2 but if this warning occurs often then your model may be either severely ill-conditioned or misspecified.
Chain 2 
Chain 4 Informational Message: The current Metropolis proposal is about to be rejected because of the following issue:
Chain 4 Exception: Exception: gamma_lpdf: Inverse scale parameter[1] is 0, but must be positive finite! (in '/tmp/RtmpKrCgF2/model-4ff12dbaccdb.stan', line 61, column 4 to column 63) (in '/tmp/RtmpKrCgF2/model-4ff12dbaccdb.stan', line 186, column 4 to line 191, column 32)
Chain 4 If this warning occurs sporadically, such as for highly constrained variable types like covariance matrices, then the sampler is fine,
Chain 4 but if this warning occurs often then your model may be either severely ill-conditioned or misspecified.
Chain 4 
Chain 2 Informational Message: The current Metropolis proposal is about to be rejected because of the following issue:
Chain 2 Exception: Exception: gamma_lpdf: Inverse scale parameter[2] is inf, but must be positive finite! (in '/tmp/RtmpKrCgF2/model-4ff12dbaccdb.stan', line 61, column 4 to column 63) (in '/tmp/RtmpKrCgF2/model-4ff12dbaccdb.stan', line 186, column 4 to line 191, column 32)
Chain 2 If this warning occurs sporadically, such as for highly constrained variable types like covariance matrices, then the sampler is fine,
Chain 2 but if this warning occurs often then your model may be either severely ill-conditioned or misspecified.
Chain 2 
Chain 1 Informational Message: The current Metropolis proposal is about to be rejected because of the following issue:
Chain 1 Exception: Exception: gamma_lpdf: Shape parameter is 0, but must be positive finite! (in '/tmp/RtmpKrCgF2/model-4ff12dbaccdb.stan', line 61, column 4 to column 63) (in '/tmp/RtmpKrCgF2/model-4ff12dbaccdb.stan', line 186, column 4 to line 191, column 32)
Chain 1 If this warning occurs sporadically, such as for highly constrained variable types like covariance matrices, then the sampler is fine,
Chain 1 but if this warning occurs often then your model may be either severely ill-conditioned or misspecified.
Chain 1 
Chain 1 Informational Message: The current Metropolis proposal is about to be rejected because of the following issue:
Chain 1 Exception: Exception: gamma_lpdf: Shape parameter is 0, but must be positive finite! (in '/tmp/RtmpKrCgF2/model-4ff12dbaccdb.stan', line 61, column 4 to column 63) (in '/tmp/RtmpKrCgF2/model-4ff12dbaccdb.stan', line 186, column 4 to line 191, column 32)
Chain 1 If this warning occurs sporadically, such as for highly constrained variable types like covariance matrices, then the sampler is fine,
Chain 1 but if this warning occurs often then your model may be either severely ill-conditioned or misspecified.
Chain 1 
Chain 3 Informational Message: The current Metropolis proposal is about to be rejected because of the following issue:
Chain 3 Exception: Exception: gamma_lpdf: Shape parameter is 0, but must be positive finite! (in '/tmp/RtmpKrCgF2/model-4ff12dbaccdb.stan', line 61, column 4 to column 63) (in '/tmp/RtmpKrCgF2/model-4ff12dbaccdb.stan', line 186, column 4 to line 191, column 32)
Chain 3 If this warning occurs sporadically, such as for highly constrained variable types like covariance matrices, then the sampler is fine,
Chain 3 but if this warning occurs often then your model may be either severely ill-conditioned or misspecified.
Chain 3 
Chain 1 Informational Message: The current Metropolis proposal is about to be rejected because of the following issue:
Chain 1 Exception: Exception: gamma_lpdf: Shape parameter is 0, but must be positive finite! (in '/tmp/RtmpKrCgF2/model-4ff12dbaccdb.stan', line 61, column 4 to column 63) (in '/tmp/RtmpKrCgF2/model-4ff12dbaccdb.stan', line 186, column 4 to line 191, column 32)
Chain 1 If this warning occurs sporadically, such as for highly constrained variable types like covariance matrices, then the sampler is fine,
Chain 1 but if this warning occurs often then your model may be either severely ill-conditioned or misspecified.
Chain 1 
Chain 3 Informational Message: The current Metropolis proposal is about to be rejected because of the following issue:
Chain 3 Exception: Exception: gamma_lpdf: Shape parameter is 0, but must be positive finite! (in '/tmp/RtmpKrCgF2/model-4ff12dbaccdb.stan', line 61, column 4 to column 63) (in '/tmp/RtmpKrCgF2/model-4ff12dbaccdb.stan', line 186, column 4 to line 191, column 32)
Chain 3 If this warning occurs sporadically, such as for highly constrained variable types like covariance matrices, then the sampler is fine,
Chain 3 but if this warning occurs often then your model may be either severely ill-conditioned or misspecified.
Chain 3 
Chain 1 Informational Message: The current Metropolis proposal is about to be rejected because of the following issue:
Chain 1 Exception: Exception: gamma_lpdf: Shape parameter is 0, but must be positive finite! (in '/tmp/RtmpKrCgF2/model-4ff12dbaccdb.stan', line 61, column 4 to column 63) (in '/tmp/RtmpKrCgF2/model-4ff12dbaccdb.stan', line 186, column 4 to line 191, column 32)
Chain 1 If this warning occurs sporadically, such as for highly constrained variable types like covariance matrices, then the sampler is fine,
Chain 1 but if this warning occurs often then your model may be either severely ill-conditioned or misspecified.
Chain 1 
Chain 3 Informational Message: The current Metropolis proposal is about to be rejected because of the following issue:
Chain 3 Exception: Exception: gamma_lpdf: Shape parameter is 0, but must be positive finite! (in '/tmp/RtmpKrCgF2/model-4ff12dbaccdb.stan', line 61, column 4 to column 63) (in '/tmp/RtmpKrCgF2/model-4ff12dbaccdb.stan', line 186, column 4 to line 191, column 32)
Chain 3 If this warning occurs sporadically, such as for highly constrained variable types like covariance matrices, then the sampler is fine,
Chain 3 but if this warning occurs often then your model may be either severely ill-conditioned or misspecified.
Chain 3 
Chain 3 Informational Message: The current Metropolis proposal is about to be rejected because of the following issue:
Chain 3 Exception: Exception: gamma_lpdf: Shape parameter is 0, but must be positive finite! (in '/tmp/RtmpKrCgF2/model-4ff12dbaccdb.stan', line 61, column 4 to column 63) (in '/tmp/RtmpKrCgF2/model-4ff12dbaccdb.stan', line 186, column 4 to line 191, column 32)
Chain 3 If this warning occurs sporadically, such as for highly constrained variable types like covariance matrices, then the sampler is fine,
Chain 3 but if this warning occurs often then your model may be either severely ill-conditioned or misspecified.
Chain 3 
Chain 1 Informational Message: The current Metropolis proposal is about to be rejected because of the following issue:
Chain 1 Exception: Exception: gamma_lpdf: Inverse scale parameter[1] is inf, but must be positive finite! (in '/tmp/RtmpKrCgF2/model-4ff12dbaccdb.stan', line 61, column 4 to column 63) (in '/tmp/RtmpKrCgF2/model-4ff12dbaccdb.stan', line 186, column 4 to line 191, column 32)
Chain 1 If this warning occurs sporadically, such as for highly constrained variable types like covariance matrices, then the sampler is fine,
Chain 1 but if this warning occurs often then your model may be either severely ill-conditioned or misspecified.
Chain 1 
Chain 1 Informational Message: The current Metropolis proposal is about to be rejected because of the following issue:
Chain 1 Exception: Exception: gamma_lpdf: Inverse scale parameter[1] is inf, but must be positive finite! (in '/tmp/RtmpKrCgF2/model-4ff12dbaccdb.stan', line 61, column 4 to column 63) (in '/tmp/RtmpKrCgF2/model-4ff12dbaccdb.stan', line 186, column 4 to line 191, column 32)
Chain 1 If this warning occurs sporadically, such as for highly constrained variable types like covariance matrices, then the sampler is fine,
Chain 1 but if this warning occurs often then your model may be either severely ill-conditioned or misspecified.
Chain 1 
Chain 3 Informational Message: The current Metropolis proposal is about to be rejected because of the following issue:
Chain 3 Exception: Exception: gamma_lpdf: Shape parameter is 0, but must be positive finite! (in '/tmp/RtmpKrCgF2/model-4ff12dbaccdb.stan', line 61, column 4 to column 63) (in '/tmp/RtmpKrCgF2/model-4ff12dbaccdb.stan', line 186, column 4 to line 191, column 32)
Chain 3 If this warning occurs sporadically, such as for highly constrained variable types like covariance matrices, then the sampler is fine,
Chain 3 but if this warning occurs often then your model may be either severely ill-conditioned or misspecified.
Chain 3 
Chain 1 Informational Message: The current Metropolis proposal is about to be rejected because of the following issue:
Chain 1 Exception: Exception: gamma_lpdf: Inverse scale parameter[33000] is 0, but must be positive finite! (in '/tmp/RtmpKrCgF2/model-4ff12dbaccdb.stan', line 61, column 4 to column 63) (in '/tmp/RtmpKrCgF2/model-4ff12dbaccdb.stan', line 186, column 4 to line 191, column 32)
Chain 1 If this warning occurs sporadically, such as for highly constrained variable types like covariance matrices, then the sampler is fine,
Chain 1 but if this warning occurs often then your model may be either severely ill-conditioned or misspecified.
Chain 1 
Chain 3 Informational Message: The current Metropolis proposal is about to be rejected because of the following issue:
Chain 3 Exception: Exception: gamma_lpdf: Inverse scale parameter[1] is inf, but must be positive finite! (in '/tmp/RtmpKrCgF2/model-4ff12dbaccdb.stan', line 61, column 4 to column 63) (in '/tmp/RtmpKrCgF2/model-4ff12dbaccdb.stan', line 186, column 4 to line 191, column 32)
Chain 3 If this warning occurs sporadically, such as for highly constrained variable types like covariance matrices, then the sampler is fine,
Chain 3 but if this warning occurs often then your model may be either severely ill-conditioned or misspecified.
Chain 3 
Chain 4 Informational Message: The current Metropolis proposal is about to be rejected because of the following issue:
Chain 4 Exception: Exception: gamma_lpdf: Shape parameter is 0, but must be positive finite! (in '/tmp/RtmpKrCgF2/model-4ff12dbaccdb.stan', line 61, column 4 to column 63) (in '/tmp/RtmpKrCgF2/model-4ff12dbaccdb.stan', line 186, column 4 to line 191, column 32)
Chain 4 If this warning occurs sporadically, such as for highly constrained variable types like covariance matrices, then the sampler is fine,
Chain 4 but if this warning occurs often then your model may be either severely ill-conditioned or misspecified.
Chain 4 
Chain 4 Informational Message: The current Metropolis proposal is about to be rejected because of the following issue:
Chain 4 Exception: Exception: gamma_lpdf: Shape parameter is 0, but must be positive finite! (in '/tmp/RtmpKrCgF2/model-4ff12dbaccdb.stan', line 61, column 4 to column 63) (in '/tmp/RtmpKrCgF2/model-4ff12dbaccdb.stan', line 186, column 4 to line 191, column 32)
Chain 4 If this warning occurs sporadically, such as for highly constrained variable types like covariance matrices, then the sampler is fine,
Chain 4 but if this warning occurs often then your model may be either severely ill-conditioned or misspecified.
Chain 4 
Chain 2 Informational Message: The current Metropolis proposal is about to be rejected because of the following issue:
Chain 2 Exception: Exception: gamma_lpdf: Shape parameter is 0, but must be positive finite! (in '/tmp/RtmpKrCgF2/model-4ff12dbaccdb.stan', line 61, column 4 to column 63) (in '/tmp/RtmpKrCgF2/model-4ff12dbaccdb.stan', line 186, column 4 to line 191, column 32)
Chain 2 If this warning occurs sporadically, such as for highly constrained variable types like covariance matrices, then the sampler is fine,
Chain 2 but if this warning occurs often then your model may be either severely ill-conditioned or misspecified.
Chain 2 
Chain 4 Informational Message: The current Metropolis proposal is about to be rejected because of the following issue:
Chain 4 Exception: Exception: gamma_lpdf: Shape parameter is 0, but must be positive finite! (in '/tmp/RtmpKrCgF2/model-4ff12dbaccdb.stan', line 61, column 4 to column 63) (in '/tmp/RtmpKrCgF2/model-4ff12dbaccdb.stan', line 186, column 4 to line 191, column 32)
Chain 4 If this warning occurs sporadically, such as for highly constrained variable types like covariance matrices, then the sampler is fine,
Chain 4 but if this warning occurs often then your model may be either severely ill-conditioned or misspecified.
Chain 4 
Chain 2 Informational Message: The current Metropolis proposal is about to be rejected because of the following issue:
Chain 2 Exception: Exception: gamma_lpdf: Shape parameter is 0, but must be positive finite! (in '/tmp/RtmpKrCgF2/model-4ff12dbaccdb.stan', line 61, column 4 to column 63) (in '/tmp/RtmpKrCgF2/model-4ff12dbaccdb.stan', line 186, column 4 to line 191, column 32)
Chain 2 If this warning occurs sporadically, such as for highly constrained variable types like covariance matrices, then the sampler is fine,
Chain 2 but if this warning occurs often then your model may be either severely ill-conditioned or misspecified.
Chain 2 
Chain 2 Informational Message: The current Metropolis proposal is about to be rejected because of the following issue:
Chain 2 Exception: Exception: gamma_lpdf: Shape parameter is 0, but must be positive finite! (in '/tmp/RtmpKrCgF2/model-4ff12dbaccdb.stan', line 61, column 4 to column 63) (in '/tmp/RtmpKrCgF2/model-4ff12dbaccdb.stan', line 186, column 4 to line 191, column 32)
Chain 2 If this warning occurs sporadically, such as for highly constrained variable types like covariance matrices, then the sampler is fine,
Chain 2 but if this warning occurs often then your model may be either severely ill-conditioned or misspecified.
Chain 2 
Chain 4 Informational Message: The current Metropolis proposal is about to be rejected because of the following issue:
Chain 4 Exception: Exception: gamma_lpdf: Shape parameter is 0, but must be positive finite! (in '/tmp/RtmpKrCgF2/model-4ff12dbaccdb.stan', line 61, column 4 to column 63) (in '/tmp/RtmpKrCgF2/model-4ff12dbaccdb.stan', line 186, column 4 to line 191, column 32)
Chain 4 If this warning occurs sporadically, such as for highly constrained variable types like covariance matrices, then the sampler is fine,
Chain 4 but if this warning occurs often then your model may be either severely ill-conditioned or misspecified.
Chain 4 
Chain 4 Informational Message: The current Metropolis proposal is about to be rejected because of the following issue:
Chain 4 Exception: Exception: gamma_lpdf: Shape parameter is 0, but must be positive finite! (in '/tmp/RtmpKrCgF2/model-4ff12dbaccdb.stan', line 61, column 4 to column 63) (in '/tmp/RtmpKrCgF2/model-4ff12dbaccdb.stan', line 186, column 4 to line 191, column 32)
Chain 4 If this warning occurs sporadically, such as for highly constrained variable types like covariance matrices, then the sampler is fine,
Chain 4 but if this warning occurs often then your model may be either severely ill-conditioned or misspecified.
Chain 4 
Chain 2 Informational Message: The current Metropolis proposal is about to be rejected because of the following issue:
Chain 2 Exception: Exception: gamma_lpdf: Shape parameter is 0, but must be positive finite! (in '/tmp/RtmpKrCgF2/model-4ff12dbaccdb.stan', line 61, column 4 to column 63) (in '/tmp/RtmpKrCgF2/model-4ff12dbaccdb.stan', line 186, column 4 to line 191, column 32)
Chain 2 If this warning occurs sporadically, such as for highly constrained variable types like covariance matrices, then the sampler is fine,
Chain 2 but if this warning occurs often then your model may be either severely ill-conditioned or misspecified.
Chain 2 
Chain 4 Informational Message: The current Metropolis proposal is about to be rejected because of the following issue:
Chain 4 Exception: Exception: gamma_lpdf: Shape parameter is 0, but must be positive finite! (in '/tmp/RtmpKrCgF2/model-4ff12dbaccdb.stan', line 61, column 4 to column 63) (in '/tmp/RtmpKrCgF2/model-4ff12dbaccdb.stan', line 186, column 4 to line 191, column 32)
Chain 4 If this warning occurs sporadically, such as for highly constrained variable types like covariance matrices, then the sampler is fine,
Chain 4 but if this warning occurs often then your model may be either severely ill-conditioned or misspecified.
Chain 4 
Chain 2 Informational Message: The current Metropolis proposal is about to be rejected because of the following issue:
Chain 2 Exception: Exception: gamma_lpdf: Shape parameter is 0, but must be positive finite! (in '/tmp/RtmpKrCgF2/model-4ff12dbaccdb.stan', line 61, column 4 to column 63) (in '/tmp/RtmpKrCgF2/model-4ff12dbaccdb.stan', line 186, column 4 to line 191, column 32)
Chain 2 If this warning occurs sporadically, such as for highly constrained variable types like covariance matrices, then the sampler is fine,
Chain 2 but if this warning occurs often then your model may be either severely ill-conditioned or misspecified.
Chain 2 
Chain 2 Informational Message: The current Metropolis proposal is about to be rejected because of the following issue:
Chain 2 Exception: Exception: gamma_lpdf: Shape parameter is 0, but must be positive finite! (in '/tmp/RtmpKrCgF2/model-4ff12dbaccdb.stan', line 61, column 4 to column 63) (in '/tmp/RtmpKrCgF2/model-4ff12dbaccdb.stan', line 186, column 4 to line 191, column 32)
Chain 2 If this warning occurs sporadically, such as for highly constrained variable types like covariance matrices, then the sampler is fine,
Chain 2 but if this warning occurs often then your model may be either severely ill-conditioned or misspecified.
Chain 2 
Chain 4 Informational Message: The current Metropolis proposal is about to be rejected because of the following issue:
Chain 4 Exception: Exception: gamma_lpdf: Inverse scale parameter[1] is -nan, but must be positive finite! (in '/tmp/RtmpKrCgF2/model-4ff12dbaccdb.stan', line 61, column 4 to column 63) (in '/tmp/RtmpKrCgF2/model-4ff12dbaccdb.stan', line 186, column 4 to line 191, column 32)
Chain 4 If this warning occurs sporadically, such as for highly constrained variable types like covariance matrices, then the sampler is fine,
Chain 4 but if this warning occurs often then your model may be either severely ill-conditioned or misspecified.
Chain 4 
Chain 2 Informational Message: The current Metropolis proposal is about to be rejected because of the following issue:
Chain 2 Exception: Exception: gamma_lpdf: Shape parameter is 0, but must be positive finite! (in '/tmp/RtmpKrCgF2/model-4ff12dbaccdb.stan', line 61, column 4 to column 63) (in '/tmp/RtmpKrCgF2/model-4ff12dbaccdb.stan', line 186, column 4 to line 191, column 32)
Chain 2 If this warning occurs sporadically, such as for highly constrained variable types like covariance matrices, then the sampler is fine,
Chain 2 but if this warning occurs often then your model may be either severely ill-conditioned or misspecified.
Chain 2 
Chain 2 Informational Message: The current Metropolis proposal is about to be rejected because of the following issue:
Chain 2 Exception: Exception: gamma_lpdf: Inverse scale parameter[2] is inf, but must be positive finite! (in '/tmp/RtmpKrCgF2/model-4ff12dbaccdb.stan', line 61, column 4 to column 63) (in '/tmp/RtmpKrCgF2/model-4ff12dbaccdb.stan', line 186, column 4 to line 191, column 32)
Chain 2 If this warning occurs sporadically, such as for highly constrained variable types like covariance matrices, then the sampler is fine,
Chain 2 but if this warning occurs often then your model may be either severely ill-conditioned or misspecified.
Chain 2 
Chain 1 Informational Message: The current Metropolis proposal is about to be rejected because of the following issue:
Chain 1 Exception: Exception: gamma_lpdf: Shape parameter is 0, but must be positive finite! (in '/tmp/RtmpKrCgF2/model-4ff12dbaccdb.stan', line 61, column 4 to column 63) (in '/tmp/RtmpKrCgF2/model-4ff12dbaccdb.stan', line 186, column 4 to line 191, column 32)
Chain 1 If this warning occurs sporadically, such as for highly constrained variable types like covariance matrices, then the sampler is fine,
Chain 1 but if this warning occurs often then your model may be either severely ill-conditioned or misspecified.
Chain 1 
Chain 1 Informational Message: The current Metropolis proposal is about to be rejected because of the following issue:
Chain 1 Exception: Exception: gamma_lpdf: Shape parameter is 0, but must be positive finite! (in '/tmp/RtmpKrCgF2/model-4ff12dbaccdb.stan', line 61, column 4 to column 63) (in '/tmp/RtmpKrCgF2/model-4ff12dbaccdb.stan', line 186, column 4 to line 191, column 32)
Chain 1 If this warning occurs sporadically, such as for highly constrained variable types like covariance matrices, then the sampler is fine,
Chain 1 but if this warning occurs often then your model may be either severely ill-conditioned or misspecified.
Chain 1 
Chain 1 Informational Message: The current Metropolis proposal is about to be rejected because of the following issue:
Chain 1 Exception: Exception: gamma_lpdf: Shape parameter is 0, but must be positive finite! (in '/tmp/RtmpKrCgF2/model-4ff12dbaccdb.stan', line 61, column 4 to column 63) (in '/tmp/RtmpKrCgF2/model-4ff12dbaccdb.stan', line 186, column 4 to line 191, column 32)
Chain 1 If this warning occurs sporadically, such as for highly constrained variable types like covariance matrices, then the sampler is fine,
Chain 1 but if this warning occurs often then your model may be either severely ill-conditioned or misspecified.
Chain 1 
Chain 1 Informational Message: The current Metropolis proposal is about to be rejected because of the following issue:
Chain 1 Exception: Exception: gamma_lpdf: Shape parameter is 0, but must be positive finite! (in '/tmp/RtmpKrCgF2/model-4ff12dbaccdb.stan', line 61, column 4 to column 63) (in '/tmp/RtmpKrCgF2/model-4ff12dbaccdb.stan', line 186, column 4 to line 191, column 32)
Chain 1 If this warning occurs sporadically, such as for highly constrained variable types like covariance matrices, then the sampler is fine,
Chain 1 but if this warning occurs often then your model may be either severely ill-conditioned or misspecified.
Chain 1 
Chain 1 Informational Message: The current Metropolis proposal is about to be rejected because of the following issue:
Chain 1 Exception: Exception: gamma_lpdf: Shape parameter is 0, but must be positive finite! (in '/tmp/RtmpKrCgF2/model-4ff12dbaccdb.stan', line 61, column 4 to column 63) (in '/tmp/RtmpKrCgF2/model-4ff12dbaccdb.stan', line 186, column 4 to line 191, column 32)
Chain 1 If this warning occurs sporadically, such as for highly constrained variable types like covariance matrices, then the sampler is fine,
Chain 1 but if this warning occurs often then your model may be either severely ill-conditioned or misspecified.
Chain 1 
Chain 1 Informational Message: The current Metropolis proposal is about to be rejected because of the following issue:
Chain 1 Exception: Exception: gamma_lpdf: Shape parameter is 0, but must be positive finite! (in '/tmp/RtmpKrCgF2/model-4ff12dbaccdb.stan', line 61, column 4 to column 63) (in '/tmp/RtmpKrCgF2/model-4ff12dbaccdb.stan', line 186, column 4 to line 191, column 32)
Chain 1 If this warning occurs sporadically, such as for highly constrained variable types like covariance matrices, then the sampler is fine,
Chain 1 but if this warning occurs often then your model may be either severely ill-conditioned or misspecified.
Chain 1 
Chain 1 Informational Message: The current Metropolis proposal is about to be rejected because of the following issue:
Chain 1 Exception: Exception: gamma_lpdf: Shape parameter is 0, but must be positive finite! (in '/tmp/RtmpKrCgF2/model-4ff12dbaccdb.stan', line 61, column 4 to column 63) (in '/tmp/RtmpKrCgF2/model-4ff12dbaccdb.stan', line 186, column 4 to line 191, column 32)
Chain 1 If this warning occurs sporadically, such as for highly constrained variable types like covariance matrices, then the sampler is fine,
Chain 1 but if this warning occurs often then your model may be either severely ill-conditioned or misspecified.
Chain 1 
Chain 1 Informational Message: The current Metropolis proposal is about to be rejected because of the following issue:
Chain 1 Exception: Exception: gamma_lpdf: Shape parameter is 0, but must be positive finite! (in '/tmp/RtmpKrCgF2/model-4ff12dbaccdb.stan', line 61, column 4 to column 63) (in '/tmp/RtmpKrCgF2/model-4ff12dbaccdb.stan', line 186, column 4 to line 191, column 32)
Chain 1 If this warning occurs sporadically, such as for highly constrained variable types like covariance matrices, then the sampler is fine,
Chain 1 but if this warning occurs often then your model may be either severely ill-conditioned or misspecified.
Chain 1 
Chain 1 Informational Message: The current Metropolis proposal is about to be rejected because of the following issue:
Chain 1 Exception: Exception: gamma_lpdf: Shape parameter is 0, but must be positive finite! (in '/tmp/RtmpKrCgF2/model-4ff12dbaccdb.stan', line 61, column 4 to column 63) (in '/tmp/RtmpKrCgF2/model-4ff12dbaccdb.stan', line 186, column 4 to line 191, column 32)
Chain 1 If this warning occurs sporadically, such as for highly constrained variable types like covariance matrices, then the sampler is fine,
Chain 1 but if this warning occurs often then your model may be either severely ill-conditioned or misspecified.
Chain 1 
