Running MCMC with 4 parallel chains...

Chain 1 Iteration:    1 / 2500 [  0%]  (Warmup) 
Chain 2 Iteration:    1 / 2500 [  0%]  (Warmup) 
Chain 4 Iteration:    1 / 2500 [  0%]  (Warmup) 
Chain 3 Iteration:    1 / 2500 [  0%]  (Warmup) 
Chain 4 Iteration:  100 / 2500 [  4%]  (Warmup) 
Chain 3 Iteration:  100 / 2500 [  4%]  (Warmup) 
Chain 1 Iteration:  100 / 2500 [  4%]  (Warmup) 
Chain 2 Iteration:  100 / 2500 [  4%]  (Warmup) 
Chain 3 Iteration:  200 / 2500 [  8%]  (Warmup) 
Chain 4 Iteration:  200 / 2500 [  8%]  (Warmup) 
Chain 2 Iteration:  200 / 2500 [  8%]  (Warmup) 
Chain 1 Iteration:  200 / 2500 [  8%]  (Warmup) 
Chain 3 Iteration:  300 / 2500 [ 12%]  (Warmup) 
Chain 2 Iteration:  300 / 2500 [ 12%]  (Warmup) 
Chain 3 Iteration:  400 / 2500 [ 16%]  (Warmup) 
Chain 4 Iteration:  300 / 2500 [ 12%]  (Warmup) 
Chain 1 Iteration:  300 / 2500 [ 12%]  (Warmup) 
Chain 3 Iteration:  500 / 2500 [ 20%]  (Warmup) 
Chain 2 Iteration:  400 / 2500 [ 16%]  (Warmup) 
Chain 3 Iteration:  600 / 2500 [ 24%]  (Warmup) 
Chain 4 Iteration:  400 / 2500 [ 16%]  (Warmup) 
Chain 1 Iteration:  400 / 2500 [ 16%]  (Warmup) 
Chain 2 Iteration:  500 / 2500 [ 20%]  (Warmup) 
Chain 3 Iteration:  700 / 2500 [ 28%]  (Warmup) 
Chain 3 Iteration:  800 / 2500 [ 32%]  (Warmup) 
Chain 4 Iteration:  500 / 2500 [ 20%]  (Warmup) 
Chain 1 Iteration:  500 / 2500 [ 20%]  (Warmup) 
Chain 2 Iteration:  600 / 2500 [ 24%]  (Warmup) 
Chain 4 Iteration:  600 / 2500 [ 24%]  (Warmup) 
Chain 3 Iteration:  900 / 2500 [ 36%]  (Warmup) 
Chain 1 Iteration:  600 / 2500 [ 24%]  (Warmup) 
Chain 2 Iteration:  700 / 2500 [ 28%]  (Warmup) 
Chain 4 Iteration:  700 / 2500 [ 28%]  (Warmup) 
Chain 1 Iteration:  700 / 2500 [ 28%]  (Warmup) 
Chain 3 Iteration: 1000 / 2500 [ 40%]  (Warmup) 
Chain 2 Iteration:  800 / 2500 [ 32%]  (Warmup) 
Chain 4 Iteration:  800 / 2500 [ 32%]  (Warmup) 
Chain 1 Iteration:  800 / 2500 [ 32%]  (Warmup) 
Chain 3 Iteration: 1100 / 2500 [ 44%]  (Warmup) 
Chain 2 Iteration:  900 / 2500 [ 36%]  (Warmup) 
Chain 1 Iteration:  900 / 2500 [ 36%]  (Warmup) 
Chain 4 Iteration:  900 / 2500 [ 36%]  (Warmup) 
Chain 2 Iteration: 1000 / 2500 [ 40%]  (Warmup) 
Chain 3 Iteration: 1200 / 2500 [ 48%]  (Warmup) 
Chain 1 Iteration: 1000 / 2500 [ 40%]  (Warmup) 
Chain 4 Iteration: 1000 / 2500 [ 40%]  (Warmup) 
Chain 2 Iteration: 1100 / 2500 [ 44%]  (Warmup) 
Chain 3 Iteration: 1300 / 2500 [ 52%]  (Warmup) 
Chain 4 Iteration: 1100 / 2500 [ 44%]  (Warmup) 
Chain 1 Iteration: 1100 / 2500 [ 44%]  (Warmup) 
Chain 2 Iteration: 1200 / 2500 [ 48%]  (Warmup) 
Chain 1 Iteration: 1200 / 2500 [ 48%]  (Warmup) 
Chain 3 Iteration: 1400 / 2500 [ 56%]  (Warmup) 
Chain 4 Iteration: 1200 / 2500 [ 48%]  (Warmup) 
Chain 2 Iteration: 1300 / 2500 [ 52%]  (Warmup) 
Chain 1 Iteration: 1300 / 2500 [ 52%]  (Warmup) 
Chain 3 Iteration: 1500 / 2500 [ 60%]  (Warmup) 
Chain 2 Iteration: 1400 / 2500 [ 56%]  (Warmup) 
Chain 4 Iteration: 1300 / 2500 [ 52%]  (Warmup) 
Chain 1 Iteration: 1400 / 2500 [ 56%]  (Warmup) 
Chain 3 Iteration: 1600 / 2500 [ 64%]  (Warmup) 
Chain 4 Iteration: 1400 / 2500 [ 56%]  (Warmup) 
Chain 2 Iteration: 1500 / 2500 [ 60%]  (Warmup) 
Chain 1 Iteration: 1500 / 2500 [ 60%]  (Warmup) 
Chain 2 Iteration: 1600 / 2500 [ 64%]  (Warmup) 
Chain 3 Iteration: 1700 / 2500 [ 68%]  (Warmup) 
Chain 4 Iteration: 1500 / 2500 [ 60%]  (Warmup) 
Chain 1 Iteration: 1600 / 2500 [ 64%]  (Warmup) 
Chain 2 Iteration: 1700 / 2500 [ 68%]  (Warmup) 
Chain 1 Iteration: 1700 / 2500 [ 68%]  (Warmup) 
Chain 3 Iteration: 1800 / 2500 [ 72%]  (Warmup) 
Chain 4 Iteration: 1600 / 2500 [ 64%]  (Warmup) 
Chain 1 Iteration: 1800 / 2500 [ 72%]  (Warmup) 
Chain 2 Iteration: 1800 / 2500 [ 72%]  (Warmup) 
Chain 4 Iteration: 1700 / 2500 [ 68%]  (Warmup) 
Chain 3 Iteration: 1900 / 2500 [ 76%]  (Warmup) 
Chain 4 Iteration: 1800 / 2500 [ 72%]  (Warmup) 
Chain 1 Iteration: 1900 / 2500 [ 76%]  (Warmup) 
Chain 2 Iteration: 1900 / 2500 [ 76%]  (Warmup) 
Chain 3 Iteration: 2000 / 2500 [ 80%]  (Warmup) 
Chain 3 Iteration: 2001 / 2500 [ 80%]  (Sampling) 
Chain 4 Iteration: 1900 / 2500 [ 76%]  (Warmup) 
Chain 1 Iteration: 2000 / 2500 [ 80%]  (Warmup) 
Chain 1 Iteration: 2001 / 2500 [ 80%]  (Sampling) 
Chain 2 Iteration: 2000 / 2500 [ 80%]  (Warmup) 
Chain 2 Iteration: 2001 / 2500 [ 80%]  (Sampling) 
Chain 3 Iteration: 2100 / 2500 [ 84%]  (Sampling) 
Chain 2 Iteration: 2100 / 2500 [ 84%]  (Sampling) 
Chain 4 Iteration: 2000 / 2500 [ 80%]  (Warmup) 
Chain 4 Iteration: 2001 / 2500 [ 80%]  (Sampling) 
Chain 2 Iteration: 2200 / 2500 [ 88%]  (Sampling) 
Chain 3 Iteration: 2200 / 2500 [ 88%]  (Sampling) 
Chain 2 Iteration: 2300 / 2500 [ 92%]  (Sampling) 
Chain 1 Iteration: 2100 / 2500 [ 84%]  (Sampling) 
Chain 2 Iteration: 2400 / 2500 [ 96%]  (Sampling) 
Chain 2 Iteration: 2500 / 2500 [100%]  (Sampling) 
Chain 2 finished in 791379.0 seconds.
Chain 3 Iteration: 2300 / 2500 [ 92%]  (Sampling) 
Chain 4 Iteration: 2100 / 2500 [ 84%]  (Sampling) 
Chain 1 Iteration: 2200 / 2500 [ 88%]  (Sampling) 
Chain 3 Iteration: 2400 / 2500 [ 96%]  (Sampling) 
Chain 3 Iteration: 2500 / 2500 [100%]  (Sampling) 
Chain 3 finished in 861569.0 seconds.
Chain 4 Iteration: 2200 / 2500 [ 88%]  (Sampling) 
Chain 1 Iteration: 2300 / 2500 [ 92%]  (Sampling) 
Chain 4 Iteration: 2300 / 2500 [ 92%]  (Sampling) 
Chain 1 Iteration: 2400 / 2500 [ 96%]  (Sampling) 
Chain 4 Iteration: 2400 / 2500 [ 96%]  (Sampling) 
Chain 1 Iteration: 2500 / 2500 [100%]  (Sampling) 
Chain 1 finished in 959095.0 seconds.
Chain 4 Iteration: 2500 / 2500 [100%]  (Sampling) 
Chain 4 finished in 993506.0 seconds.

All 4 chains finished successfully.
Mean chain execution time: 901387.2 seconds.
Total execution time: 993545.1 seconds.

