running
  '/data/tools/r/R-4.2.0/bin/R --no-echo --no-restore --file=07_moran.R'

This is geostan version 0.5.4

Attaching package: ‘dplyr’

The following object is masked from ‘package:gridExtra’:

    combine

The following objects are masked from ‘package:stats’:

    filter, lag

The following objects are masked from ‘package:base’:

    intersect, setdiff, setequal, union

Loading required package: Rcpp
Loading 'brms' package (version 2.19.0). Useful instructions
can be found by typing help('brms'). A more detailed introduction
to the package is available through vignette('brms_overview').

Attaching package: ‘brms’

The following objects are masked from ‘package:geostan’:

    gr, posterior_predict, waic

The following object is masked from ‘package:stats’:

    ar

Rows: 51 Columns: 15
── Column specification ────────────────────────────────────────────────────────
Delimiter: ","
chr (12): ID, Name, Macroarea, Glottocode, Source, family_id, parent_id, nam...
dbl  (2): Latitude, Longitude
lgl  (1): ISO639P3code

ℹ Use `spec()` to retrieve the full column specification for this data.
ℹ Specify the column types or set `show_col_types = FALSE` to quiet this message.
Rows: 874627 Columns: 13
── Column specification ────────────────────────────────────────────────────────
Delimiter: "\t"
chr (7): ID, Value, Language, Family, Speaker, CLTS, cluster_status
dbl (6): Duration, utt_initial, word_initial, z_num_phones, z_speech_rate, z...

ℹ Use `spec()` to retrieve the full column specification for this data.
ℹ Specify the column types or set `show_col_types = FALSE` to quiet this message.
slurmstepd-dlcenode01: error: *** JOB 8566 ON dlcenode01 CANCELLED AT 2024-04-27T10:39:42 ***
